#
# A fatal error has been detected by the Java Runtime Environment:
#
#  EXCEPTION_ACCESS_VIOLATION (0xc0000005) at pc=0x00007fffed83e0a9, pid=13160, tid=6128
#
# JRE version: OpenJDK Runtime Environment Microsoft-8035246 (17.0.8+7) (build 17.0.8+7-LTS)
# Java VM: OpenJDK 64-Bit Server VM Microsoft-8035246 (17.0.8+7-LTS, mixed mode, sharing, tiered, compressed oops, compressed class ptrs, g1 gc, windows-amd64)
# Problematic frame:
# V  [jvm.dll+0x2be0a9]
#
# No core dump will be written. Minidumps are not enabled by default on client versions of Windows
#
# If you would like to submit a bug report, please visit:
#   https://github.com/microsoft/openjdk/issues
#

---------------  S U M M A R Y ------------

Command Line: -XX:MaxMetaspaceSize=512m --add-opens=java.base/java.util=ALL-UNNAMED --add-opens=java.base/java.lang=ALL-UNNAMED --add-opens=java.base/java.lang.invoke=ALL-UNNAMED --add-opens=java.prefs/java.util.prefs=ALL-UNNAMED --add-opens=java.base/java.nio.charset=ALL-UNNAMED --add-opens=java.base/java.net=ALL-UNNAMED --add-opens=java.base/java.util.concurrent.atomic=ALL-UNNAMED -Xmx2048m -Dfile.encoding=windows-1252 -Duser.country=IN -Duser.language=en -Duser.variant -javaagent:C:\Users\dell\.gradle\wrapper\dists\gradle-8.3-all\6en3ugtfdg5xnpx44z4qbwgas\gradle-8.3\lib\agents\gradle-instrumentation-agent-8.3.jar org.gradle.launcher.daemon.bootstrap.GradleDaemon 8.3

Host: Intel(R) Core(TM) i5-6440HQ CPU @ 2.60GHz, 4 cores, 7G,  Windows 10 , 64 bit Build 19041 (10.0.19041.3636)
Time: Wed Mar 13 15:27:12 2024 India Standard Time elapsed time: 66.079533 seconds (0d 0h 1m 6s)

---------------  T H R E A D  ---------------

Current thread (0x0000029b3f58bcc0):  JavaThread "C2 CompilerThread0" daemon [_thread_in_native, id=6128, stack(0x000000ec82300000,0x000000ec82400000)]


Current CompileTask:
C2:  66079 16033   !   4       org.gradle.cache.internal.DefaultMultiProcessSafeIndexedCache::getIfPresent (25 bytes)

Stack: [0x000000ec82300000,0x000000ec82400000],  sp=0x000000ec823fb490,  free space=1005k
Native frames: (J=compiled Java code, j=interpreted, Vv=VM code, C=native code)
V  [jvm.dll+0x2be0a9]
V  [jvm.dll+0x21ba8b]
V  [jvm.dll+0x21944b]
V  [jvm.dll+0x1a56b6]
V  [jvm.dll+0x2291ea]
V  [jvm.dll+0x22724c]
V  [jvm.dll+0x7efd0c]
V  [jvm.dll+0x7ea13a]
V  [jvm.dll+0x67ad85]
C  [ucrtbase.dll+0x21bb2]
C  [KERNEL32.DLL+0x17344]
C  [ntdll.dll+0x526b1]


siginfo: EXCEPTION_ACCESS_VIOLATION (0xc0000005), reading address 0x0000000000000028


Register to memory mapping:

RIP=0x00007fffed83e0a9 jvm.dll
RAX=0x0000029b69e77210 points into unknown readable memory: 0x0000000000000000 | 00 00 00 00 00 00 00 00
RBX=0x00000000000017d1 is an unknown value
RCX=0x0 is NULL
RDX=0x0 is NULL
RSP=0x000000ec823fb490 is pointing into the stack for thread: 0x0000029b3f58bcc0
RBP=0x000000ec823fb500 is pointing into the stack for thread: 0x0000029b3f58bcc0
RSI=0x0 is NULL
RDI=0x0000000000000048 is an unknown value
R8 =0x000000000000ffe0 is an unknown value
R9 =0x0 is NULL
R10=0x00007ff817950000 VCRUNTIME140.dll
R11=0x0000029b69e77230 points into unknown readable memory: 0x0000000000000000 | 00 00 00 00 00 00 00 00
R12=0x0000000000000050 is an unknown value
R13=0x0 is NULL
R14=0x0 is NULL
R15=0x000000ec823fe6b0 is pointing into the stack for thread: 0x0000029b3f58bcc0


Registers:
RAX=0x0000029b69e77210, RBX=0x00000000000017d1, RCX=0x0000000000000000, RDX=0x0000000000000000
RSP=0x000000ec823fb490, RBP=0x000000ec823fb500, RSI=0x0000000000000000, RDI=0x0000000000000048
R8 =0x000000000000ffe0, R9 =0x0000000000000000, R10=0x00007ff817950000, R11=0x0000029b69e77230
R12=0x0000000000000050, R13=0x0000000000000000, R14=0x0000000000000000, R15=0x000000ec823fe6b0
RIP=0x00007fffed83e0a9, EFLAGS=0x0000000000010202

Top of Stack: (sp=0x000000ec823fb490)
0x000000ec823fb490:   00000000000017d1 0000000000000000
0x000000ec823fb4a0:   000000ec823fe6b0 00007fffed7a38d1
0x000000ec823fb4b0:   0000029b3f57ec50 00007fff00002000
0x000000ec823fb4c0:   0000029b69e77210 0000000000000000
0x000000ec823fb4d0:   0000000000000002 0000029b6b1c00c0
0x000000ec823fb4e0:   0000000000000002 0000029b3f57ec50
0x000000ec823fb4f0:   0000000000000000 0000000000000000
0x000000ec823fb500:   0000029b3f5652a0 0000029b1fa693e0
0x000000ec823fb510:   0000000000000048 00007fffedec4c08
0x000000ec823fb520:   000000ec823fb630 00007fffed79ba8b
0x000000ec823fb530:   000000ec823fe6b0 00007fffedec4c08
0x000000ec823fb540:   000000ec823fe6b0 000000ec823fb630
0x000000ec823fb550:   0000029b00000000 00007fffedb9b7fb
0x000000ec823fb560:   000000ec0000000f 000000ec823fe6b0
0x000000ec823fb570:   000000ec823fb6e0 0000000000000000
0x000000ec823fb580:   0000029b00000100 00007fffedec4c08 

Instructions: (pc=0x00007fffed83e0a9)
0x00007fffed83dfa9:   3b d0 75 0b ff c1 41 3b c9 7c dc 48 8b c2 c3 33
0x00007fffed83dfb9:   c0 c3 cc cc cc cc cc 48 89 5c 24 18 55 56 57 41
0x00007fffed83dfc9:   55 41 57 48 8b ec 48 83 ec 70 65 48 8b 04 25 58
0x00007fffed83dfd9:   00 00 00 48 8b f2 44 8b 05 d2 8b 90 00 4c 8b f9
0x00007fffed83dfe9:   4a 8b 1c c0 b8 50 00 00 00 80 3c 18 00 75 05 e8
0x00007fffed83dff9:   8b 6f 5d 00 b8 20 00 00 00 48 8b 04 18 48 8b 98
0x00007fffed83e009:   38 02 00 00 48 89 5d b0 c7 45 b8 04 00 00 00 48
0x00007fffed83e019:   8b 43 18 48 83 f8 df 76 18 4c 8d 05 37 a9 65 00
0x00007fffed83e029:   ba 20 00 00 00 48 8b cb e8 5a eb de ff 48 8b 43
0x00007fffed83e039:   18 48 8d 48 20 48 3b 4b 20 76 11 45 33 c0 48 8b
0x00007fffed83e049:   cb 41 8d 50 20 e8 fd e8 de ff eb 04 48 89 4b 18
0x00007fffed83e059:   44 8b 45 b8 33 d2 49 c1 e0 03 48 8b c8 48 89 45
0x00007fffed83e069:   c0 e8 e3 80 5d 00 45 33 ed 48 8d 4d d0 44 89 6d
0x00007fffed83e079:   c8 e8 01 59 56 00 41 8b 9f 40 02 00 00 41 2b 9f
0x00007fffed83e089:   68 02 00 00 44 89 6d f0 3b 5d b8 72 0b 8b d3 48
0x00007fffed83e099:   8d 4d b0 e8 6f b3 39 00 48 8b 45 c0 4c 89 2c d8
0x00007fffed83e0a9:   8b 7e 28 8b df c1 eb 05 3b 5d d0 72 0b 8b d3 48
0x00007fffed83e0b9:   8d 4d d0 e8 1f 59 56 00 48 8b 45 d8 83 e7 1f 48
0x00007fffed83e0c9:   8d 14 98 40 0f b6 cf 41 b8 01 00 00 00 41 d3 e0
0x00007fffed83e0d9:   8b 0a 8b c1 41 0b c0 89 02 41 85 c8 75 21 8b 5d
0x00007fffed83e0e9:   c8 8d 43 01 89 45 c8 3b 5d b8 72 0b 8b d3 48 8d
0x00007fffed83e0f9:   4d b0 e8 10 b3 39 00 48 8b 45 c0 48 89 34 d8 44
0x00007fffed83e109:   39 6d c8 0f 86 77 01 00 00 4c 89 a4 24 a0 00 00
0x00007fffed83e119:   00 4c 89 b4 24 a8 00 00 00 48 8b 45 c0 41 8b cd
0x00007fffed83e129:   48 8b 34 c8 8b 46 2c 25 ff 1f 00 00 3d 04 10 00
0x00007fffed83e139:   00 0f 85 a7 00 00 00 bb 01 00 00 00 39 5e 18 76
0x00007fffed83e149:   39 66 0f 1f 44 00 00 48 8b 46 08 8b cb 48 8b 14
0x00007fffed83e159:   c8 48 85 d2 74 1d 48 83 7a 10 00 74 16 80 7a 2c
0x00007fffed83e169:   84 74 10 e8 7f 7e ee ff 48 8b d0 49 8b cf e8 a4
0x00007fffed83e179:   61 f6 ff ff c3 3b 5e 18 72 cd 48 8b 5e 10 8b 46
0x00007fffed83e189:   20 4c 8d 34 c3 49 3b de 73 54 48 8b 3b 8b 47 2c
0x00007fffed83e199:   83 e0 03 3c 03 75 2e 48 8b 07 48 8b cf ff 90 88 


Stack slot to memory mapping:
stack at sp + 0 slots: 0x00000000000017d1 is an unknown value
stack at sp + 1 slots: 0x0 is NULL
stack at sp + 2 slots: 0x000000ec823fe6b0 is pointing into the stack for thread: 0x0000029b3f58bcc0
stack at sp + 3 slots: 0x00007fffed7a38d1 jvm.dll
stack at sp + 4 slots: 0x0000029b3f57ec50 points into unknown readable memory: 0x0000000000000006 | 06 00 00 00 00 00 00 00
stack at sp + 5 slots: 0x00007fff00002000 is an unknown value
stack at sp + 6 slots: 0x0000029b69e77210 points into unknown readable memory: 0x0000000000000000 | 00 00 00 00 00 00 00 00
stack at sp + 7 slots: 0x0 is NULL


---------------  P R O C E S S  ---------------

Threads class SMR info:
_java_thread_list=0x0000029b61f82c80, length=97, elements={
0x0000029b1fa52650, 0x0000029b3f565ce0, 0x0000029b3f567210, 0x0000029b3f580e40,
0x0000029b3f583ae0, 0x0000029b3f585b60, 0x0000029b3f586bd0, 0x0000029b3f58bcc0,
0x0000029b3f58c680, 0x0000029b3f58fb50, 0x0000029b3f54e040, 0x0000029b3f87aa60,
0x0000029b60a86450, 0x0000029b3fa716e0, 0x0000029b5f937670, 0x0000029b5f86c5c0,
0x0000029b60de06f0, 0x0000029b5fe757d0, 0x0000029b5fe77120, 0x0000029b5fe75ce0,
0x0000029b5fe761f0, 0x0000029b5fe76700, 0x0000029b5fe77630, 0x0000029b5fe78050,
0x0000029b5fe74db0, 0x0000029b5fe752c0, 0x0000029b5f2a1980, 0x0000029b5f2a0a50,
0x0000029b5f29fb20, 0x0000029b5f29e1d0, 0x0000029b5f2a37e0, 0x0000029b5f2a0f60,
0x0000029b5f2a1e90, 0x0000029b5f29cd90, 0x0000029b5f2a28b0, 0x0000029b5f29d7b0,
0x0000029b5f29e6e0, 0x0000029b5f29ebf0, 0x0000029b5f29f100, 0x0000029b5f29f610,
0x0000029b5f2a4200, 0x0000029b5f29d2a0, 0x0000029b61a995e0, 0x0000029b61a99af0,
0x0000029b61a986b0, 0x0000029b61a981a0, 0x0000029b61a97780, 0x0000029b61a97270,
0x0000029b63d36580, 0x0000029b63d37ed0, 0x0000029b63d3d4e0, 0x0000029b63d3ac60,
0x0000029b63d3cfd0, 0x0000029b63d3c0a0, 0x0000029b63d36a90, 0x0000029b63d36070,
0x0000029b63d3d9f0, 0x0000029b63d36fa0, 0x0000029b63d39820, 0x0000029b63d383e0,
0x0000029b63d388f0, 0x0000029b63d38e00, 0x0000029b63d3b170, 0x0000029b63d39d30,
0x0000029b63d3bb90, 0x0000029b63d374b0, 0x0000029b61a990d0, 0x0000029b647befc0,
0x0000029b647c2770, 0x0000029b647c1d50, 0x0000029b647bf4d0, 0x0000029b647c0910,
0x0000029b64302f70, 0x0000029b69b73150, 0x0000029b69b73660, 0x0000029b69b6feb0,
0x0000029b69b6ef80, 0x0000029b69b72730, 0x0000029b69b703c0, 0x0000029b69b72c40,
0x0000029b69b708d0, 0x0000029b69b73b70, 0x0000029b69b6e050, 0x0000029b69b74080,
0x0000029b69b6ea70, 0x0000029b69b70de0, 0x0000029b69b72220, 0x0000029b69b6f9a0,
0x0000029b69b6d630, 0x0000029b69b74590, 0x0000029b69b74aa0, 0x0000029b69b6e560,
0x0000029b69b74fb0, 0x0000029b5f2a4710, 0x0000029b6ae00900, 0x0000029b6adfe080,
0x0000029b6ae00e10
}

Java Threads: ( => current thread )
  0x0000029b1fa52650 JavaThread "main" [_thread_blocked, id=20332, stack(0x000000ec81600000,0x000000ec81700000)]
  0x0000029b3f565ce0 JavaThread "Reference Handler" daemon [_thread_blocked, id=19064, stack(0x000000ec81d00000,0x000000ec81e00000)]
  0x0000029b3f567210 JavaThread "Finalizer" daemon [_thread_blocked, id=14904, stack(0x000000ec81e00000,0x000000ec81f00000)]
  0x0000029b3f580e40 JavaThread "Signal Dispatcher" daemon [_thread_blocked, id=19052, stack(0x000000ec81f00000,0x000000ec82000000)]
  0x0000029b3f583ae0 JavaThread "Attach Listener" daemon [_thread_blocked, id=18236, stack(0x000000ec82000000,0x000000ec82100000)]
  0x0000029b3f585b60 JavaThread "Service Thread" daemon [_thread_blocked, id=18644, stack(0x000000ec82100000,0x000000ec82200000)]
  0x0000029b3f586bd0 JavaThread "Monitor Deflation Thread" daemon [_thread_blocked, id=4760, stack(0x000000ec82200000,0x000000ec82300000)]
=>0x0000029b3f58bcc0 JavaThread "C2 CompilerThread0" daemon [_thread_in_native, id=6128, stack(0x000000ec82300000,0x000000ec82400000)]
  0x0000029b3f58c680 JavaThread "C1 CompilerThread0" daemon [_thread_in_native, id=9464, stack(0x000000ec82400000,0x000000ec82500000)]
  0x0000029b3f58fb50 JavaThread "Sweeper thread" daemon [_thread_blocked, id=10668, stack(0x000000ec82500000,0x000000ec82600000)]
  0x0000029b3f54e040 JavaThread "Common-Cleaner" daemon [_thread_blocked, id=7184, stack(0x000000ec82600000,0x000000ec82700000)]
  0x0000029b3f87aa60 JavaThread "Notification Thread" daemon [_thread_blocked, id=21088, stack(0x000000ec82700000,0x000000ec82800000)]
  0x0000029b60a86450 JavaThread "Daemon health stats" [_thread_blocked, id=16976, stack(0x000000ec82d00000,0x000000ec82e00000)]
  0x0000029b3fa716e0 JavaThread "Incoming local TCP Connector on port 53087" [_thread_in_native, id=11832, stack(0x000000ec82900000,0x000000ec82a00000)]
  0x0000029b5f937670 JavaThread "Daemon periodic checks" [_thread_blocked, id=24244, stack(0x000000ec82e00000,0x000000ec82f00000)]
  0x0000029b5f86c5c0 JavaThread "Daemon" [_thread_blocked, id=22368, stack(0x000000ec83000000,0x000000ec83100000)]
  0x0000029b60de06f0 JavaThread "Handler for socket connection from /127.0.0.1:53087 to /127.0.0.1:53088" [_thread_in_native, id=2388, stack(0x000000ec83100000,0x000000ec83200000)]
  0x0000029b5fe757d0 JavaThread "Cancel handler" [_thread_blocked, id=19504, stack(0x000000ec83200000,0x000000ec83300000)]
  0x0000029b5fe77120 JavaThread "Daemon worker" [_thread_blocked, id=23820, stack(0x000000ec83300000,0x000000ec83400000)]
  0x0000029b5fe75ce0 JavaThread "Asynchronous log dispatcher for DefaultDaemonConnection: socket connection from /127.0.0.1:53087 to /127.0.0.1:53088" [_thread_blocked, id=17896, stack(0x000000ec83400000,0x000000ec83500000)]
  0x0000029b5fe761f0 JavaThread "Stdin handler" [_thread_blocked, id=2084, stack(0x000000ec83500000,0x000000ec83600000)]
  0x0000029b5fe76700 JavaThread "Daemon client event forwarder" [_thread_blocked, id=17260, stack(0x000000ec83600000,0x000000ec83700000)]
  0x0000029b5fe77630 JavaThread "Cache worker for journal cache (C:\Users\dell\.gradle\caches\journal-1)" [_thread_in_Java, id=4392, stack(0x000000ec82f00000,0x000000ec83000000)]
  0x0000029b5fe78050 JavaThread "File lock request listener" [_thread_in_native, id=22384, stack(0x000000ec83700000,0x000000ec83800000)]
  0x0000029b5fe74db0 JavaThread "Cache worker for file hash cache (C:\Users\dell\.gradle\caches\8.3\fileHashes)" [_thread_blocked, id=10696, stack(0x000000ec83800000,0x000000ec83900000)]
  0x0000029b5fe752c0 JavaThread "File watcher server" daemon [_thread_in_native, id=11184, stack(0x000000ec83a00000,0x000000ec83b00000)]
  0x0000029b5f2a1980 JavaThread "File watcher consumer" daemon [_thread_blocked, id=19720, stack(0x000000ec83b00000,0x000000ec83c00000)]
  0x0000029b5f2a0a50 JavaThread "Cache worker for checksums cache (D:\react checking\shopApp\android\.gradle\8.3\checksums)" [_thread_blocked, id=4264, stack(0x000000ec83c00000,0x000000ec83d00000)]
  0x0000029b5f29fb20 JavaThread "Cache worker for file hash cache (D:\react checking\shopApp\android\.gradle\8.3\fileHashes)" [_thread_blocked, id=15676, stack(0x000000ec83d00000,0x000000ec83e00000)]
  0x0000029b5f29e1d0 JavaThread "Cache worker for cache directory md-supplier (C:\Users\dell\.gradle\caches\8.3\md-supplier)" [_thread_blocked, id=1288, stack(0x000000ec83e00000,0x000000ec83f00000)]
  0x0000029b5f2a37e0 JavaThread "Cache worker for file content cache (C:\Users\dell\.gradle\caches\8.3\fileContent)" [_thread_blocked, id=19768, stack(0x000000ec83f00000,0x000000ec84000000)]
  0x0000029b5f2a0f60 JavaThread "Cache worker for cache directory md-rule (C:\Users\dell\.gradle\caches\8.3\md-rule)" [_thread_blocked, id=20984, stack(0x000000ec83900000,0x000000ec83a00000)]
  0x0000029b5f2a1e90 JavaThread "Cache worker for execution history cache (C:\Users\dell\.gradle\caches\8.3\executionHistory)" [_thread_blocked, id=1348, stack(0x000000ec84100000,0x000000ec84200000)]
  0x0000029b5f29cd90 JavaThread "jar transforms" [_thread_blocked, id=16360, stack(0x000000ec84300000,0x000000ec84400000)]
  0x0000029b5f2a28b0 JavaThread "jar transforms Thread 2" [_thread_blocked, id=14976, stack(0x000000ec84400000,0x000000ec84500000)]
  0x0000029b5f29d7b0 JavaThread "jar transforms Thread 3" [_thread_blocked, id=1060, stack(0x000000ec84500000,0x000000ec84600000)]
  0x0000029b5f29e6e0 JavaThread "jar transforms Thread 4" [_thread_blocked, id=4000, stack(0x000000ec84600000,0x000000ec84700000)]
  0x0000029b5f29ebf0 JavaThread "Cache worker for kotlin-dsl (C:\Users\dell\.gradle\caches\8.3\kotlin-dsl)" [_thread_blocked, id=12404, stack(0x000000ec84700000,0x000000ec84800000)]
  0x0000029b5f29f100 JavaThread "Unconstrained build operations" [_thread_blocked, id=21824, stack(0x000000ec84800000,0x000000ec84900000)]
  0x0000029b5f29f610 JavaThread "Unconstrained build operations Thread 2" [_thread_blocked, id=15624, stack(0x000000ec84900000,0x000000ec84a00000)]
  0x0000029b5f2a4200 JavaThread "Cache worker for dependencies-accessors (D:\react checking\shopApp\android\.gradle\8.3\dependencies-accessors)" [_thread_blocked, id=20388, stack(0x000000ec84a00000,0x000000ec84b00000)]
  0x0000029b5f29d2a0 JavaThread "Cache worker for Build Output Cleanup Cache (D:\react checking\shopApp\node_modules\@react-native\gradle-plugin\.gradle\buildOutputCleanup)" [_thread_blocked, id=764, stack(0x000000ec84b00000,0x000000ec84c00000)]
  0x0000029b61a995e0 JavaThread "Unconstrained build operations Thread 3" [_thread_blocked, id=19400, stack(0x000000ec84c00000,0x000000ec84d00000)]
  0x0000029b61a99af0 JavaThread "Unconstrained build operations Thread 4" [_thread_blocked, id=11260, stack(0x000000ec84d00000,0x000000ec84e00000)]
  0x0000029b61a986b0 JavaThread "Unconstrained build operations Thread 5" [_thread_blocked, id=23052, stack(0x000000ec84e00000,0x000000ec84f00000)]
  0x0000029b61a981a0 JavaThread "Memory manager" [_thread_blocked, id=19864, stack(0x000000ec84200000,0x000000ec84300000)]
  0x0000029b61a97780 JavaThread "Cache worker for Build Output Cleanup Cache (D:\react checking\shopApp\android\.gradle\buildOutputCleanup)" [_thread_blocked, id=11740, stack(0x000000ec85000000,0x000000ec85100000)]
  0x0000029b61a97270 JavaThread "ForkJoinPool.commonPool-worker-1" daemon [_thread_blocked, id=19732, stack(0x000000ec85100000,0x000000ec85200000)]
  0x0000029b63d36580 JavaThread "ForkJoinPool.commonPool-worker-2" daemon [_thread_blocked, id=13196, stack(0x000000ec85200000,0x000000ec85300000)]
  0x0000029b63d37ed0 JavaThread "ForkJoinPool.commonPool-worker-3" daemon [_thread_blocked, id=20492, stack(0x000000ec85300000,0x000000ec85400000)]
  0x0000029b63d3d4e0 JavaThread "Exec process" [_thread_blocked, id=18368, stack(0x000000ec85400000,0x000000ec85500000)]
  0x0000029b63d3ac60 JavaThread "Exec process Thread 2" [_thread_blocked, id=4016, stack(0x000000ec85500000,0x000000ec85600000)]
  0x0000029b63d3cfd0 JavaThread "Exec process Thread 3" [_thread_blocked, id=15264, stack(0x000000ec85600000,0x000000ec85700000)]
  0x0000029b63d3c0a0 JavaThread "included builds" [_thread_in_native, id=13556, stack(0x000000ec84f00000,0x000000ec85000000)]
  0x0000029b63d36a90 JavaThread "Execution worker" [_thread_blocked, id=3888, stack(0x000000ec85700000,0x000000ec85800000)]
  0x0000029b63d36070 JavaThread "Execution worker Thread 2" [_thread_blocked, id=664, stack(0x000000ec85800000,0x000000ec85900000)]
  0x0000029b63d3d9f0 JavaThread "Execution worker Thread 3" [_thread_blocked, id=10116, stack(0x000000ec85900000,0x000000ec85a00000)]
  0x0000029b63d36fa0 JavaThread "Cache worker for execution history cache (D:\react checking\shopApp\node_modules\@react-native\gradle-plugin\.gradle\8.3\executionHistory)" [_thread_blocked, id=9856, stack(0x000000ec85a00000,0x000000ec85b00000)]
  0x0000029b63d39820 JavaThread "Unconstrained build operations Thread 6" [_thread_blocked, id=7672, stack(0x000000ec85b00000,0x000000ec85c00000)]
  0x0000029b63d383e0 JavaThread "Unconstrained build operations Thread 7" [_thread_in_vm, id=17380, stack(0x000000ec85c00000,0x000000ec85d00000)]
  0x0000029b63d388f0 JavaThread "Unconstrained build operations Thread 8" [_thread_blocked, id=14996, stack(0x000000ec85d00000,0x000000ec85e00000)]
  0x0000029b63d38e00 JavaThread "Unconstrained build operations Thread 9" [_thread_in_native, id=332, stack(0x000000ec85e00000,0x000000ec85f00000)]
  0x0000029b63d3b170 JavaThread "Unconstrained build operations Thread 10" [_thread_blocked, id=6728, stack(0x000000ec85f00000,0x000000ec86000000)]
  0x0000029b63d39d30 JavaThread "Unconstrained build operations Thread 11" [_thread_blocked, id=8680, stack(0x000000ec86000000,0x000000ec86100000)]
  0x0000029b63d3bb90 JavaThread "Unconstrained build operations Thread 12" [_thread_blocked, id=14852, stack(0x000000ec86100000,0x000000ec86200000)]
  0x0000029b63d374b0 JavaThread "Unconstrained build operations Thread 13" [_thread_blocked, id=18740, stack(0x000000ec86200000,0x000000ec86300000)]
  0x0000029b61a990d0 JavaThread "Unconstrained build operations Thread 14" [_thread_blocked, id=20844, stack(0x000000ec86600000,0x000000ec86700000)]
  0x0000029b647befc0 JavaThread "Unconstrained build operations Thread 15" [_thread_blocked, id=18300, stack(0x000000ec86700000,0x000000ec86800000)]
  0x0000029b647c2770 JavaThread "Unconstrained build operations Thread 16" [_thread_blocked, id=336, stack(0x000000ec86800000,0x000000ec86900000)]
  0x0000029b647c1d50 JavaThread "Unconstrained build operations Thread 17" [_thread_blocked, id=10544, stack(0x000000ec86900000,0x000000ec86a00000)]
  0x0000029b647bf4d0 JavaThread "Unconstrained build operations Thread 18" [_thread_blocked, id=12080, stack(0x000000ec86a00000,0x000000ec86b00000)]
  0x0000029b647c0910 JavaThread "Unconstrained build operations Thread 19" [_thread_blocked, id=8864, stack(0x000000ec86b00000,0x000000ec86c00000)]
  0x0000029b64302f70 JavaThread "C2 CompilerThread1" daemon [_thread_in_native, id=12180, stack(0x000000ec86300000,0x000000ec86400000)]
  0x0000029b69b73150 JavaThread "Unconstrained build operations Thread 20" [_thread_blocked, id=22380, stack(0x000000ec86c00000,0x000000ec86d00000)]
  0x0000029b69b73660 JavaThread "Unconstrained build operations Thread 21" [_thread_blocked, id=21168, stack(0x000000ec86d00000,0x000000ec86e00000)]
  0x0000029b69b6feb0 JavaThread "Unconstrained build operations Thread 22" [_thread_blocked, id=20280, stack(0x000000ec86e00000,0x000000ec86f00000)]
  0x0000029b69b6ef80 JavaThread "Unconstrained build operations Thread 23" [_thread_blocked, id=1272, stack(0x000000ec86f00000,0x000000ec87000000)]
  0x0000029b69b72730 JavaThread "Unconstrained build operations Thread 24" [_thread_blocked, id=6724, stack(0x000000ec87000000,0x000000ec87100000)]
  0x0000029b69b703c0 JavaThread "Unconstrained build operations Thread 25" [_thread_blocked, id=22920, stack(0x000000ec87100000,0x000000ec87200000)]
  0x0000029b69b72c40 JavaThread "pool-3-thread-1" [_thread_blocked, id=3480, stack(0x000000ec81300000,0x000000ec81400000)]
  0x0000029b69b708d0 JavaThread "build event listener" [_thread_blocked, id=7416, stack(0x000000ec81400000,0x000000ec81500000)]
  0x0000029b69b73b70 JavaThread "Unconstrained build operations Thread 26" [_thread_blocked, id=10464, stack(0x000000ec81500000,0x000000ec81600000)]
  0x0000029b69b6e050 JavaThread "Unconstrained build operations Thread 27" [_thread_blocked, id=16704, stack(0x000000ec87200000,0x000000ec87300000)]
  0x0000029b69b74080 JavaThread "Unconstrained build operations Thread 28" [_thread_blocked, id=15964, stack(0x000000ec87300000,0x000000ec87400000)]
  0x0000029b69b6ea70 JavaThread "Unconstrained build operations Thread 29" [_thread_blocked, id=12924, stack(0x000000ec87400000,0x000000ec87500000)]
  0x0000029b69b70de0 JavaThread "Unconstrained build operations Thread 30" [_thread_blocked, id=6732, stack(0x000000ec87500000,0x000000ec87600000)]
  0x0000029b69b72220 JavaThread "Unconstrained build operations Thread 31" [_thread_blocked, id=14072, stack(0x000000ec87600000,0x000000ec87700000)]
  0x0000029b69b6f9a0 JavaThread "Unconstrained build operations Thread 32" [_thread_blocked, id=16032, stack(0x000000ec87700000,0x000000ec87800000)]
  0x0000029b69b6d630 JavaThread "Unconstrained build operations Thread 33" [_thread_blocked, id=11604, stack(0x000000ec87800000,0x000000ec87900000)]
  0x0000029b69b74590 JavaThread "Unconstrained build operations Thread 34" [_thread_blocked, id=21164, stack(0x000000ec87900000,0x000000ec87a00000)]
  0x0000029b69b74aa0 JavaThread "Unconstrained build operations Thread 35" [_thread_blocked, id=9476, stack(0x000000ec87a00000,0x000000ec87b00000)]
  0x0000029b69b6e560 JavaThread "Unconstrained build operations Thread 36" [_thread_blocked, id=21308, stack(0x000000ec87b00000,0x000000ec87c00000)]
  0x0000029b69b74fb0 JavaThread "Unconstrained build operations Thread 37" [_thread_blocked, id=23460, stack(0x000000ec87c00000,0x000000ec87d00000)]
  0x0000029b5f2a4710 JavaThread "Unconstrained build operations Thread 38" [_thread_blocked, id=7312, stack(0x000000ec87d00000,0x000000ec87e00000)]
  0x0000029b6ae00900 JavaThread "Unconstrained build operations Thread 39" [_thread_blocked, id=6384, stack(0x000000ec87e00000,0x000000ec87f00000)]
  0x0000029b6adfe080 JavaThread "Unconstrained build operations Thread 40" [_thread_blocked, id=9164, stack(0x000000ec87f00000,0x000000ec88000000)]
  0x0000029b6ae00e10 JavaThread "Cache worker for execution history cache (D:\react checking\shopApp\android\.gradle\8.3\executionHistory)" [_thread_blocked, id=12444, stack(0x000000ec88000000,0x000000ec88100000)]

Other Threads:
  0x0000029b3f560a10 VMThread "VM Thread" [stack: 0x000000ec81c00000,0x000000ec81d00000] [id=16872]
  0x0000029b1fa53520 WatcherThread [stack: 0x000000ec82800000,0x000000ec82900000] [id=8188]
  0x0000029b1faafc70 GCTaskThread "GC Thread#0" [stack: 0x000000ec81700000,0x000000ec81800000] [id=21356]
  0x0000029b5f29ca80 GCTaskThread "GC Thread#1" [stack: 0x000000ec82a00000,0x000000ec82b00000] [id=14192]
  0x0000029b5f408940 GCTaskThread "GC Thread#2" [stack: 0x000000ec82b00000,0x000000ec82c00000] [id=5028]
  0x0000029b5f89bfd0 GCTaskThread "GC Thread#3" [stack: 0x000000ec82c00000,0x000000ec82d00000] [id=22024]
  0x0000029b1fac1270 ConcurrentGCThread "G1 Main Marker" [stack: 0x000000ec81800000,0x000000ec81900000] [id=22548]
  0x0000029b1fac1b90 ConcurrentGCThread "G1 Conc#0" [stack: 0x000000ec81900000,0x000000ec81a00000] [id=21328]
  0x0000029b1fb0dcf0 ConcurrentGCThread "G1 Refine#0" [stack: 0x000000ec81a00000,0x000000ec81b00000] [id=22276]
  0x0000029b62f7ddc0 ConcurrentGCThread "G1 Refine#1" [stack: 0x000000ec84000000,0x000000ec84100000] [id=8868]
  0x0000029b1fb0e630 ConcurrentGCThread "G1 Service" [stack: 0x000000ec81b00000,0x000000ec81c00000] [id=19780]

Threads with active compile tasks:
C2 CompilerThread0    66254 16033   !   4       org.gradle.cache.internal.DefaultMultiProcessSafeIndexedCache::getIfPresent (25 bytes)
C2 CompilerThread1    66255 16058       4       org.gradle.internal.file.FileHierarchySet$Node::contains (101 bytes)

VM state: not at safepoint (normal execution)

VM Mutex/Monitor currently owned by a thread: None

Heap address: 0x0000000080000000, size: 2048 MB, Compressed Oops mode: 32-bit

CDS archive(s) mapped at: [0x0000029b40000000-0x0000029b40bd0000-0x0000029b40bd0000), size 12386304, SharedBaseAddress: 0x0000029b40000000, ArchiveRelocationMode: 1.
Compressed class space mapped at: 0x0000029b41000000-0x0000029b5b000000, reserved size: 436207616
Narrow klass base: 0x0000029b40000000, Narrow klass shift: 0, Narrow klass range: 0x100000000

GC Precious Log:
 CPUs: 4 total, 4 available
 Memory: 7821M
 Large Page Support: Disabled
 NUMA Support: Disabled
 Compressed Oops: Enabled (32-bit)
 Heap Region Size: 1M
 Heap Min Capacity: 8M
 Heap Initial Capacity: 124M
 Heap Max Capacity: 2G
 Pre-touch: Disabled
 Parallel Workers: 4
 Concurrent Workers: 1
 Concurrent Refinement Workers: 4
 Periodic GC: Disabled

Heap:
 garbage-first heap   total 257024K, used 225249K [0x0000000080000000, 0x0000000100000000)
  region size 1024K, 21 young (21504K), 2 survivors (2048K)
 Metaspace       used 107378K, committed 108480K, reserved 557056K
  class space    used 14860K, committed 15360K, reserved 425984K

Heap Regions: E=young(eden), S=young(survivor), O=old, HS=humongous(starts), HC=humongous(continues), CS=collection set, F=free, OA=open archive, CA=closed archive, TAMS=top-at-mark-start (previous, next)
|   0|0x0000000080000000, 0x0000000080100000, 0x0000000080100000|100%| O|  |TAMS 0x0000000080100000, 0x0000000080000000| Untracked 
|   1|0x0000000080100000, 0x0000000080200000, 0x0000000080200000|100%| O|  |TAMS 0x0000000080200000, 0x0000000080100000| Untracked 
|   2|0x0000000080200000, 0x0000000080300000, 0x0000000080300000|100%|HS|  |TAMS 0x0000000080300000, 0x0000000080200000| Complete 
|   3|0x0000000080300000, 0x0000000080400000, 0x0000000080400000|100%|HC|  |TAMS 0x0000000080400000, 0x0000000080300000| Complete 
|   4|0x0000000080400000, 0x0000000080500000, 0x0000000080500000|100%|HC|  |TAMS 0x0000000080500000, 0x0000000080400000| Complete 
|   5|0x0000000080500000, 0x0000000080600000, 0x0000000080600000|100%|HC|  |TAMS 0x0000000080600000, 0x0000000080500000| Complete 
|   6|0x0000000080600000, 0x0000000080700000, 0x0000000080700000|100%| O|  |TAMS 0x0000000080700000, 0x0000000080600000| Untracked 
|   7|0x0000000080700000, 0x0000000080800000, 0x0000000080800000|100%| O|  |TAMS 0x0000000080800000, 0x0000000080700000| Untracked 
|   8|0x0000000080800000, 0x0000000080900000, 0x0000000080900000|100%| O|  |TAMS 0x0000000080900000, 0x0000000080800000| Untracked 
|   9|0x0000000080900000, 0x0000000080a00000, 0x0000000080a00000|100%| O|  |TAMS 0x0000000080a00000, 0x0000000080900000| Untracked 
|  10|0x0000000080a00000, 0x0000000080b00000, 0x0000000080b00000|100%| O|  |TAMS 0x0000000080b00000, 0x0000000080a00000| Untracked 
|  11|0x0000000080b00000, 0x0000000080c00000, 0x0000000080c00000|100%| O|  |TAMS 0x0000000080c00000, 0x0000000080b00000| Untracked 
|  12|0x0000000080c00000, 0x0000000080d00000, 0x0000000080d00000|100%| O|  |TAMS 0x0000000080d00000, 0x0000000080c00000| Untracked 
|  13|0x0000000080d00000, 0x0000000080e00000, 0x0000000080e00000|100%| O|  |TAMS 0x0000000080e00000, 0x0000000080d00000| Untracked 
|  14|0x0000000080e00000, 0x0000000080f00000, 0x0000000080f00000|100%| O|  |TAMS 0x0000000080f00000, 0x0000000080e00000| Untracked 
|  15|0x0000000080f00000, 0x0000000081000000, 0x0000000081000000|100%| O|  |TAMS 0x0000000081000000, 0x0000000080f00000| Untracked 
|  16|0x0000000081000000, 0x0000000081100000, 0x0000000081100000|100%| O|  |TAMS 0x0000000081100000, 0x0000000081000000| Untracked 
|  17|0x0000000081100000, 0x0000000081200000, 0x0000000081200000|100%| O|  |TAMS 0x0000000081200000, 0x0000000081100000| Untracked 
|  18|0x0000000081200000, 0x0000000081300000, 0x0000000081300000|100%| O|  |TAMS 0x0000000081300000, 0x0000000081200000| Untracked 
|  19|0x0000000081300000, 0x0000000081400000, 0x0000000081400000|100%| O|  |TAMS 0x0000000081400000, 0x0000000081300000| Untracked 
|  20|0x0000000081400000, 0x0000000081500000, 0x0000000081500000|100%| O|  |TAMS 0x0000000081500000, 0x0000000081400000| Untracked 
|  21|0x0000000081500000, 0x0000000081600000, 0x0000000081600000|100%| O|  |TAMS 0x0000000081600000, 0x0000000081500000| Untracked 
|  22|0x0000000081600000, 0x0000000081700000, 0x0000000081700000|100%| O|  |TAMS 0x0000000081700000, 0x0000000081600000| Untracked 
|  23|0x0000000081700000, 0x0000000081800000, 0x0000000081800000|100%| O|  |TAMS 0x0000000081800000, 0x0000000081700000| Untracked 
|  24|0x0000000081800000, 0x0000000081900000, 0x0000000081900000|100%| O|  |TAMS 0x0000000081900000, 0x0000000081800000| Untracked 
|  25|0x0000000081900000, 0x0000000081a00000, 0x0000000081a00000|100%| O|  |TAMS 0x0000000081a00000, 0x0000000081900000| Untracked 
|  26|0x0000000081a00000, 0x0000000081b00000, 0x0000000081b00000|100%| O|  |TAMS 0x0000000081b00000, 0x0000000081a00000| Untracked 
|  27|0x0000000081b00000, 0x0000000081c00000, 0x0000000081c00000|100%| O|  |TAMS 0x0000000081c00000, 0x0000000081b00000| Untracked 
|  28|0x0000000081c00000, 0x0000000081d00000, 0x0000000081d00000|100%| O|  |TAMS 0x0000000081d00000, 0x0000000081c00000| Untracked 
|  29|0x0000000081d00000, 0x0000000081e00000, 0x0000000081e00000|100%| O|  |TAMS 0x0000000081e00000, 0x0000000081d00000| Untracked 
|  30|0x0000000081e00000, 0x0000000081f00000, 0x0000000081f00000|100%|HS|  |TAMS 0x0000000081f00000, 0x0000000081e00000| Complete 
|  31|0x0000000081f00000, 0x0000000082000000, 0x0000000082000000|100%|HC|  |TAMS 0x0000000082000000, 0x0000000081f00000| Complete 
|  32|0x0000000082000000, 0x00000000820c1a00, 0x0000000082100000| 75%| O|  |TAMS 0x00000000820c1a00, 0x0000000082000000| Untracked 
|  33|0x0000000082100000, 0x0000000082200000, 0x0000000082200000|100%|HS|  |TAMS 0x0000000082200000, 0x0000000082100000| Complete 
|  34|0x0000000082200000, 0x0000000082300000, 0x0000000082300000|100%|HC|  |TAMS 0x0000000082300000, 0x0000000082200000| Complete 
|  35|0x0000000082300000, 0x0000000082400000, 0x0000000082400000|100%|HS|  |TAMS 0x0000000082400000, 0x0000000082300000| Complete 
|  36|0x0000000082400000, 0x0000000082500000, 0x0000000082500000|100%|HC|  |TAMS 0x0000000082500000, 0x0000000082400000| Complete 
|  37|0x0000000082500000, 0x0000000082600000, 0x0000000082600000|100%|HC|  |TAMS 0x0000000082600000, 0x0000000082500000| Complete 
|  38|0x0000000082600000, 0x0000000082700000, 0x0000000082700000|100%|HC|  |TAMS 0x0000000082700000, 0x0000000082600000| Complete 
|  39|0x0000000082700000, 0x0000000082800000, 0x0000000082800000|100%| O|  |TAMS 0x0000000082800000, 0x0000000082700000| Untracked 
|  40|0x0000000082800000, 0x0000000082900000, 0x0000000082900000|100%| O|  |TAMS 0x0000000082900000, 0x0000000082800000| Untracked 
|  41|0x0000000082900000, 0x0000000082a00000, 0x0000000082a00000|100%|HS|  |TAMS 0x0000000082a00000, 0x0000000082900000| Complete 
|  42|0x0000000082a00000, 0x0000000082b00000, 0x0000000082b00000|100%|HC|  |TAMS 0x0000000082b00000, 0x0000000082a00000| Complete 
|  43|0x0000000082b00000, 0x0000000082c00000, 0x0000000082c00000|100%|HC|  |TAMS 0x0000000082c00000, 0x0000000082b00000| Complete 
|  44|0x0000000082c00000, 0x0000000082d00000, 0x0000000082d00000|100%|HC|  |TAMS 0x0000000082d00000, 0x0000000082c00000| Complete 
|  45|0x0000000082d00000, 0x0000000082e00000, 0x0000000082e00000|100%| O|  |TAMS 0x0000000082e00000, 0x0000000082d00000| Untracked 
|  46|0x0000000082e00000, 0x0000000082f00000, 0x0000000082f00000|100%| O|  |TAMS 0x0000000082f00000, 0x0000000082e00000| Untracked 
|  47|0x0000000082f00000, 0x0000000083000000, 0x0000000083000000|100%| O|  |TAMS 0x0000000083000000, 0x0000000082f00000| Untracked 
|  48|0x0000000083000000, 0x0000000083100000, 0x0000000083100000|100%| O|  |TAMS 0x0000000083100000, 0x0000000083000000| Untracked 
|  49|0x0000000083100000, 0x0000000083200000, 0x0000000083200000|100%| O|  |TAMS 0x0000000083200000, 0x0000000083100000| Untracked 
|  50|0x0000000083200000, 0x0000000083300000, 0x0000000083300000|100%| O|  |TAMS 0x0000000083300000, 0x0000000083200000| Untracked 
|  51|0x0000000083300000, 0x0000000083400000, 0x0000000083400000|100%| O|  |TAMS 0x0000000083400000, 0x0000000083300000| Untracked 
|  52|0x0000000083400000, 0x0000000083500000, 0x0000000083500000|100%| O|  |TAMS 0x0000000083500000, 0x0000000083400000| Untracked 
|  53|0x0000000083500000, 0x0000000083600000, 0x0000000083600000|100%| O|  |TAMS 0x0000000083600000, 0x0000000083500000| Untracked 
|  54|0x0000000083600000, 0x0000000083700000, 0x0000000083700000|100%| O|  |TAMS 0x0000000083700000, 0x0000000083600000| Untracked 
|  55|0x0000000083700000, 0x0000000083800000, 0x0000000083800000|100%| O|  |TAMS 0x0000000083800000, 0x0000000083700000| Untracked 
|  56|0x0000000083800000, 0x0000000083900000, 0x0000000083900000|100%| O|  |TAMS 0x0000000083900000, 0x0000000083800000| Untracked 
|  57|0x0000000083900000, 0x0000000083a00000, 0x0000000083a00000|100%| O|  |TAMS 0x0000000083a00000, 0x0000000083900000| Untracked 
|  58|0x0000000083a00000, 0x0000000083b00000, 0x0000000083b00000|100%| O|  |TAMS 0x0000000083b00000, 0x0000000083a00000| Untracked 
|  59|0x0000000083b00000, 0x0000000083c00000, 0x0000000083c00000|100%| O|  |TAMS 0x0000000083c00000, 0x0000000083b00000| Untracked 
|  60|0x0000000083c00000, 0x0000000083d00000, 0x0000000083d00000|100%| O|  |TAMS 0x0000000083d00000, 0x0000000083c00000| Untracked 
|  61|0x0000000083d00000, 0x0000000083e00000, 0x0000000083e00000|100%| O|  |TAMS 0x0000000083e00000, 0x0000000083d00000| Untracked 
|  62|0x0000000083e00000, 0x0000000083f00000, 0x0000000083f00000|100%| O|  |TAMS 0x0000000083f00000, 0x0000000083e00000| Untracked 
|  63|0x0000000083f00000, 0x0000000084000000, 0x0000000084000000|100%| O|  |TAMS 0x0000000084000000, 0x0000000083f00000| Untracked 
|  64|0x0000000084000000, 0x0000000084100000, 0x0000000084100000|100%| O|  |TAMS 0x0000000084100000, 0x0000000084000000| Untracked 
|  65|0x0000000084100000, 0x0000000084200000, 0x0000000084200000|100%| O|  |TAMS 0x0000000084200000, 0x0000000084100000| Untracked 
|  66|0x0000000084200000, 0x0000000084300000, 0x0000000084300000|100%|HS|  |TAMS 0x0000000084300000, 0x0000000084200000| Complete 
|  67|0x0000000084300000, 0x0000000084400000, 0x0000000084400000|100%|HS|  |TAMS 0x0000000084400000, 0x0000000084300000| Complete 
|  68|0x0000000084400000, 0x0000000084500000, 0x0000000084500000|100%|HS|  |TAMS 0x0000000084500000, 0x0000000084400000| Complete 
|  69|0x0000000084500000, 0x0000000084600000, 0x0000000084600000|100%| O|  |TAMS 0x0000000084600000, 0x0000000084500000| Untracked 
|  70|0x0000000084600000, 0x0000000084700000, 0x0000000084700000|100%| O|  |TAMS 0x0000000084600000, 0x0000000084600000| Untracked 
|  71|0x0000000084700000, 0x0000000084800000, 0x0000000084800000|100%|HS|  |TAMS 0x0000000084800000, 0x0000000084700000| Complete 
|  72|0x0000000084800000, 0x0000000084900000, 0x0000000084900000|100%| O|  |TAMS 0x0000000084900000, 0x0000000084800000| Untracked 
|  73|0x0000000084900000, 0x0000000084a00000, 0x0000000084a00000|100%| O|  |TAMS 0x0000000084a00000, 0x0000000084900000| Untracked 
|  74|0x0000000084a00000, 0x0000000084b00000, 0x0000000084b00000|100%| O|  |TAMS 0x0000000084b00000, 0x0000000084a00000| Untracked 
|  75|0x0000000084b00000, 0x0000000084c00000, 0x0000000084c00000|100%| O|  |TAMS 0x0000000084c00000, 0x0000000084b00000| Untracked 
|  76|0x0000000084c00000, 0x0000000084d00000, 0x0000000084d00000|100%| O|  |TAMS 0x0000000084d00000, 0x0000000084c00000| Untracked 
|  77|0x0000000084d00000, 0x0000000084e00000, 0x0000000084e00000|100%| O|  |TAMS 0x0000000084e00000, 0x0000000084d00000| Untracked 
|  78|0x0000000084e00000, 0x0000000084f00000, 0x0000000084f00000|100%| O|  |TAMS 0x0000000084e2d600, 0x0000000084e00000| Untracked 
|  79|0x0000000084f00000, 0x0000000085000000, 0x0000000085000000|100%| O|  |TAMS 0x0000000084f00000, 0x0000000084f00000| Untracked 
|  80|0x0000000085000000, 0x0000000085100000, 0x0000000085100000|100%| O|  |TAMS 0x0000000085000000, 0x0000000085000000| Untracked 
|  81|0x0000000085100000, 0x0000000085200000, 0x0000000085200000|100%| O|  |TAMS 0x0000000085100000, 0x0000000085100000| Untracked 
|  82|0x0000000085200000, 0x0000000085300000, 0x0000000085300000|100%| O|  |TAMS 0x0000000085200000, 0x0000000085200000| Untracked 
|  83|0x0000000085300000, 0x0000000085400000, 0x0000000085400000|100%| O|  |TAMS 0x0000000085300000, 0x0000000085300000| Untracked 
|  84|0x0000000085400000, 0x0000000085500000, 0x0000000085500000|100%| O|  |TAMS 0x0000000085400000, 0x0000000085400000| Untracked 
|  85|0x0000000085500000, 0x0000000085600000, 0x0000000085600000|100%| O|  |TAMS 0x0000000085500000, 0x0000000085500000| Untracked 
|  86|0x0000000085600000, 0x0000000085700000, 0x0000000085700000|100%| O|  |TAMS 0x0000000085600000, 0x0000000085600000| Untracked 
|  87|0x0000000085700000, 0x0000000085800000, 0x0000000085800000|100%| O|  |TAMS 0x0000000085700000, 0x0000000085700000| Untracked 
|  88|0x0000000085800000, 0x0000000085900000, 0x0000000085900000|100%| O|  |TAMS 0x0000000085800000, 0x0000000085800000| Untracked 
|  89|0x0000000085900000, 0x0000000085a00000, 0x0000000085a00000|100%| O|  |TAMS 0x0000000085900000, 0x0000000085900000| Untracked 
|  90|0x0000000085a00000, 0x0000000085b00000, 0x0000000085b00000|100%| O|  |TAMS 0x0000000085a00000, 0x0000000085a00000| Untracked 
|  91|0x0000000085b00000, 0x0000000085c00000, 0x0000000085c00000|100%| O|  |TAMS 0x0000000085b00000, 0x0000000085b00000| Untracked 
|  92|0x0000000085c00000, 0x0000000085d00000, 0x0000000085d00000|100%| O|  |TAMS 0x0000000085c00000, 0x0000000085c00000| Untracked 
|  93|0x0000000085d00000, 0x0000000085e00000, 0x0000000085e00000|100%| O|  |TAMS 0x0000000085d00000, 0x0000000085d00000| Untracked 
|  94|0x0000000085e00000, 0x0000000085f00000, 0x0000000085f00000|100%| O|  |TAMS 0x0000000085e00000, 0x0000000085e00000| Untracked 
|  95|0x0000000085f00000, 0x0000000086000000, 0x0000000086000000|100%| O|  |TAMS 0x0000000085f00000, 0x0000000085f00000| Untracked 
|  96|0x0000000086000000, 0x0000000086100000, 0x0000000086100000|100%| O|  |TAMS 0x0000000086000000, 0x0000000086000000| Untracked 
|  97|0x0000000086100000, 0x0000000086200000, 0x0000000086200000|100%| O|  |TAMS 0x0000000086100000, 0x0000000086100000| Untracked 
|  98|0x0000000086200000, 0x0000000086300000, 0x0000000086300000|100%| O|  |TAMS 0x0000000086200000, 0x0000000086200000| Untracked 
|  99|0x0000000086300000, 0x0000000086400000, 0x0000000086400000|100%| O|  |TAMS 0x0000000086300000, 0x0000000086300000| Untracked 
| 100|0x0000000086400000, 0x0000000086500000, 0x0000000086500000|100%|HS|  |TAMS 0x0000000086400000, 0x0000000086400000| Complete 
| 101|0x0000000086500000, 0x0000000086600000, 0x0000000086600000|100%|HS|  |TAMS 0x0000000086500000, 0x0000000086500000| Complete 
| 102|0x0000000086600000, 0x0000000086700000, 0x0000000086700000|100%|HS|  |TAMS 0x0000000086600000, 0x0000000086600000| Complete 
| 103|0x0000000086700000, 0x0000000086800000, 0x0000000086800000|100%|HC|  |TAMS 0x0000000086700000, 0x0000000086700000| Complete 
| 104|0x0000000086800000, 0x0000000086900000, 0x0000000086900000|100%| O|  |TAMS 0x0000000086800000, 0x0000000086800000| Untracked 
| 105|0x0000000086900000, 0x0000000086a00000, 0x0000000086a00000|100%| O|  |TAMS 0x0000000086900000, 0x0000000086900000| Untracked 
| 106|0x0000000086a00000, 0x0000000086b00000, 0x0000000086b00000|100%| O|  |TAMS 0x0000000086a00000, 0x0000000086a00000| Untracked 
| 107|0x0000000086b00000, 0x0000000086c00000, 0x0000000086c00000|100%| O|  |TAMS 0x0000000086b00000, 0x0000000086b00000| Untracked 
| 108|0x0000000086c00000, 0x0000000086d00000, 0x0000000086d00000|100%| O|  |TAMS 0x0000000086c00000, 0x0000000086c00000| Untracked 
| 109|0x0000000086d00000, 0x0000000086e00000, 0x0000000086e00000|100%| O|  |TAMS 0x0000000086d00000, 0x0000000086d00000| Untracked 
| 110|0x0000000086e00000, 0x0000000086f00000, 0x0000000086f00000|100%| O|  |TAMS 0x0000000086e00000, 0x0000000086e00000| Untracked 
| 111|0x0000000086f00000, 0x0000000087000000, 0x0000000087000000|100%|HS|  |TAMS 0x0000000086f00000, 0x0000000086f00000| Complete 
| 112|0x0000000087000000, 0x0000000087100000, 0x0000000087100000|100%| O|  |TAMS 0x0000000087000000, 0x0000000087000000| Untracked 
| 113|0x0000000087100000, 0x0000000087200000, 0x0000000087200000|100%| O|  |TAMS 0x0000000087100000, 0x0000000087100000| Untracked 
| 114|0x0000000087200000, 0x0000000087300000, 0x0000000087300000|100%| O|  |TAMS 0x0000000087200000, 0x0000000087200000| Untracked 
| 115|0x0000000087300000, 0x0000000087400000, 0x0000000087400000|100%| O|  |TAMS 0x0000000087300000, 0x0000000087300000| Untracked 
| 116|0x0000000087400000, 0x0000000087500000, 0x0000000087500000|100%|HS|  |TAMS 0x0000000087400000, 0x0000000087400000| Complete 
| 117|0x0000000087500000, 0x0000000087600000, 0x0000000087600000|100%| O|  |TAMS 0x0000000087500000, 0x0000000087500000| Untracked 
| 118|0x0000000087600000, 0x0000000087700000, 0x0000000087700000|100%| O|  |TAMS 0x0000000087600000, 0x0000000087600000| Untracked 
| 119|0x0000000087700000, 0x0000000087800000, 0x0000000087800000|100%| O|  |TAMS 0x0000000087700000, 0x0000000087700000| Untracked 
| 120|0x0000000087800000, 0x0000000087900000, 0x0000000087900000|100%| O|  |TAMS 0x0000000087800000, 0x0000000087800000| Untracked 
| 121|0x0000000087900000, 0x0000000087a00000, 0x0000000087a00000|100%| O|  |TAMS 0x0000000087900000, 0x0000000087900000| Untracked 
| 122|0x0000000087a00000, 0x0000000087b00000, 0x0000000087b00000|100%| O|  |TAMS 0x0000000087a00000, 0x0000000087a00000| Untracked 
| 123|0x0000000087b00000, 0x0000000087c00000, 0x0000000087c00000|100%| O|  |TAMS 0x0000000087b00000, 0x0000000087b00000| Untracked 
| 124|0x0000000087c00000, 0x0000000087d00000, 0x0000000087d00000|100%| O|  |TAMS 0x0000000087c00000, 0x0000000087c00000| Untracked 
| 125|0x0000000087d00000, 0x0000000087e00000, 0x0000000087e00000|100%| O|  |TAMS 0x0000000087d00000, 0x0000000087d00000| Untracked 
| 126|0x0000000087e00000, 0x0000000087f00000, 0x0000000087f00000|100%| O|  |TAMS 0x0000000087e00000, 0x0000000087e00000| Untracked 
| 127|0x0000000087f00000, 0x0000000088000000, 0x0000000088000000|100%| O|  |TAMS 0x0000000087f00000, 0x0000000087f00000| Untracked 
| 128|0x0000000088000000, 0x0000000088100000, 0x0000000088100000|100%| O|  |TAMS 0x0000000088000000, 0x0000000088000000| Untracked 
| 129|0x0000000088100000, 0x0000000088200000, 0x0000000088200000|100%| O|  |TAMS 0x0000000088100000, 0x0000000088100000| Untracked 
| 130|0x0000000088200000, 0x0000000088300000, 0x0000000088300000|100%| O|  |TAMS 0x0000000088200000, 0x0000000088200000| Untracked 
| 131|0x0000000088300000, 0x0000000088400000, 0x0000000088400000|100%| O|  |TAMS 0x0000000088300000, 0x0000000088300000| Untracked 
| 132|0x0000000088400000, 0x0000000088500000, 0x0000000088500000|100%| O|  |TAMS 0x0000000088400000, 0x0000000088400000| Untracked 
| 133|0x0000000088500000, 0x0000000088600000, 0x0000000088600000|100%| O|  |TAMS 0x0000000088500000, 0x0000000088500000| Untracked 
| 134|0x0000000088600000, 0x0000000088700000, 0x0000000088700000|100%| O|  |TAMS 0x0000000088600000, 0x0000000088600000| Untracked 
| 135|0x0000000088700000, 0x0000000088800000, 0x0000000088800000|100%| O|  |TAMS 0x0000000088700000, 0x0000000088700000| Untracked 
| 136|0x0000000088800000, 0x0000000088900000, 0x0000000088900000|100%| O|  |TAMS 0x0000000088800000, 0x0000000088800000| Untracked 
| 137|0x0000000088900000, 0x0000000088a00000, 0x0000000088a00000|100%| O|  |TAMS 0x0000000088900000, 0x0000000088900000| Untracked 
| 138|0x0000000088a00000, 0x0000000088b00000, 0x0000000088b00000|100%| O|  |TAMS 0x0000000088a00000, 0x0000000088a00000| Untracked 
| 139|0x0000000088b00000, 0x0000000088c00000, 0x0000000088c00000|100%| O|  |TAMS 0x0000000088b00000, 0x0000000088b00000| Untracked 
| 140|0x0000000088c00000, 0x0000000088d00000, 0x0000000088d00000|100%| O|  |TAMS 0x0000000088c00000, 0x0000000088c00000| Untracked 
| 141|0x0000000088d00000, 0x0000000088e00000, 0x0000000088e00000|100%| O|  |TAMS 0x0000000088d00000, 0x0000000088d00000| Untracked 
| 142|0x0000000088e00000, 0x0000000088f00000, 0x0000000088f00000|100%| O|  |TAMS 0x0000000088e00000, 0x0000000088e00000| Untracked 
| 143|0x0000000088f00000, 0x0000000089000000, 0x0000000089000000|100%|HS|  |TAMS 0x0000000088f00000, 0x0000000088f00000| Complete 
| 144|0x0000000089000000, 0x0000000089100000, 0x0000000089100000|100%| O|  |TAMS 0x0000000089000000, 0x0000000089000000| Untracked 
| 145|0x0000000089100000, 0x0000000089200000, 0x0000000089200000|100%| O|  |TAMS 0x0000000089100000, 0x0000000089100000| Untracked 
| 146|0x0000000089200000, 0x0000000089300000, 0x0000000089300000|100%| O|  |TAMS 0x0000000089200000, 0x0000000089200000| Untracked 
| 147|0x0000000089300000, 0x0000000089400000, 0x0000000089400000|100%| O|  |TAMS 0x0000000089300000, 0x0000000089300000| Untracked 
| 148|0x0000000089400000, 0x0000000089500000, 0x0000000089500000|100%| O|  |TAMS 0x0000000089400000, 0x0000000089400000| Untracked 
| 149|0x0000000089500000, 0x0000000089600000, 0x0000000089600000|100%| O|  |TAMS 0x0000000089500000, 0x0000000089500000| Untracked 
| 150|0x0000000089600000, 0x0000000089700000, 0x0000000089700000|100%| O|  |TAMS 0x0000000089600000, 0x0000000089600000| Untracked 
| 151|0x0000000089700000, 0x0000000089800000, 0x0000000089800000|100%| O|  |TAMS 0x0000000089700000, 0x0000000089700000| Untracked 
| 152|0x0000000089800000, 0x0000000089900000, 0x0000000089900000|100%| O|  |TAMS 0x0000000089800000, 0x0000000089800000| Untracked 
| 153|0x0000000089900000, 0x0000000089a00000, 0x0000000089a00000|100%| O|  |TAMS 0x0000000089900000, 0x0000000089900000| Untracked 
| 154|0x0000000089a00000, 0x0000000089b00000, 0x0000000089b00000|100%| O|  |TAMS 0x0000000089a00000, 0x0000000089a00000| Untracked 
| 155|0x0000000089b00000, 0x0000000089c00000, 0x0000000089c00000|100%| O|  |TAMS 0x0000000089b00000, 0x0000000089b00000| Untracked 
| 156|0x0000000089c00000, 0x0000000089d00000, 0x0000000089d00000|100%| O|  |TAMS 0x0000000089c00000, 0x0000000089c00000| Untracked 
| 157|0x0000000089d00000, 0x0000000089e00000, 0x0000000089e00000|100%|HS|  |TAMS 0x0000000089d00000, 0x0000000089d00000| Complete 
| 158|0x0000000089e00000, 0x0000000089f00000, 0x0000000089f00000|100%|HS|  |TAMS 0x0000000089e00000, 0x0000000089e00000| Complete 
| 159|0x0000000089f00000, 0x000000008a000000, 0x000000008a000000|100%| O|  |TAMS 0x0000000089f00000, 0x0000000089f00000| Untracked 
| 160|0x000000008a000000, 0x000000008a100000, 0x000000008a100000|100%| O|  |TAMS 0x000000008a000000, 0x000000008a000000| Untracked 
| 161|0x000000008a100000, 0x000000008a200000, 0x000000008a200000|100%| O|  |TAMS 0x000000008a100000, 0x000000008a100000| Untracked 
| 162|0x000000008a200000, 0x000000008a300000, 0x000000008a300000|100%| O|  |TAMS 0x000000008a200000, 0x000000008a200000| Untracked 
| 163|0x000000008a300000, 0x000000008a400000, 0x000000008a400000|100%| O|  |TAMS 0x000000008a300000, 0x000000008a300000| Untracked 
| 164|0x000000008a400000, 0x000000008a500000, 0x000000008a500000|100%| O|  |TAMS 0x000000008a400000, 0x000000008a400000| Untracked 
| 165|0x000000008a500000, 0x000000008a600000, 0x000000008a600000|100%| O|  |TAMS 0x000000008a500000, 0x000000008a500000| Untracked 
| 166|0x000000008a600000, 0x000000008a700000, 0x000000008a700000|100%| O|  |TAMS 0x000000008a600000, 0x000000008a600000| Untracked 
| 167|0x000000008a700000, 0x000000008a800000, 0x000000008a800000|100%| O|  |TAMS 0x000000008a700000, 0x000000008a700000| Untracked 
| 168|0x000000008a800000, 0x000000008a900000, 0x000000008a900000|100%| O|  |TAMS 0x000000008a800000, 0x000000008a800000| Untracked 
| 169|0x000000008a900000, 0x000000008aa00000, 0x000000008aa00000|100%| O|  |TAMS 0x000000008a900000, 0x000000008a900000| Untracked 
| 170|0x000000008aa00000, 0x000000008ab00000, 0x000000008ab00000|100%| O|  |TAMS 0x000000008aa00000, 0x000000008aa00000| Untracked 
| 171|0x000000008ab00000, 0x000000008ac00000, 0x000000008ac00000|100%| O|  |TAMS 0x000000008ab00000, 0x000000008ab00000| Untracked 
| 172|0x000000008ac00000, 0x000000008ad00000, 0x000000008ad00000|100%| O|  |TAMS 0x000000008ac00000, 0x000000008ac00000| Untracked 
| 173|0x000000008ad00000, 0x000000008ae00000, 0x000000008ae00000|100%| O|  |TAMS 0x000000008ad00000, 0x000000008ad00000| Untracked 
| 174|0x000000008ae00000, 0x000000008af00000, 0x000000008af00000|100%| O|  |TAMS 0x000000008ae00000, 0x000000008ae00000| Untracked 
| 175|0x000000008af00000, 0x000000008b000000, 0x000000008b000000|100%| O|  |TAMS 0x000000008af00000, 0x000000008af00000| Untracked 
| 176|0x000000008b000000, 0x000000008b100000, 0x000000008b100000|100%| O|  |TAMS 0x000000008b000000, 0x000000008b000000| Untracked 
| 177|0x000000008b100000, 0x000000008b200000, 0x000000008b200000|100%| O|  |TAMS 0x000000008b100000, 0x000000008b100000| Untracked 
| 178|0x000000008b200000, 0x000000008b300000, 0x000000008b300000|100%| O|  |TAMS 0x000000008b200000, 0x000000008b200000| Untracked 
| 179|0x000000008b300000, 0x000000008b400000, 0x000000008b400000|100%| O|  |TAMS 0x000000008b300000, 0x000000008b300000| Untracked 
| 180|0x000000008b400000, 0x000000008b500000, 0x000000008b500000|100%| O|  |TAMS 0x000000008b400000, 0x000000008b400000| Untracked 
| 181|0x000000008b500000, 0x000000008b600000, 0x000000008b600000|100%| O|  |TAMS 0x000000008b500000, 0x000000008b500000| Untracked 
| 182|0x000000008b600000, 0x000000008b700000, 0x000000008b700000|100%| O|  |TAMS 0x000000008b600000, 0x000000008b600000| Untracked 
| 183|0x000000008b700000, 0x000000008b800000, 0x000000008b800000|100%| O|  |TAMS 0x000000008b700000, 0x000000008b700000| Untracked 
| 184|0x000000008b800000, 0x000000008b900000, 0x000000008b900000|100%| O|  |TAMS 0x000000008b800000, 0x000000008b800000| Untracked 
| 185|0x000000008b900000, 0x000000008ba00000, 0x000000008ba00000|100%| O|  |TAMS 0x000000008b900000, 0x000000008b900000| Untracked 
| 186|0x000000008ba00000, 0x000000008bb00000, 0x000000008bb00000|100%| O|  |TAMS 0x000000008ba00000, 0x000000008ba00000| Untracked 
| 187|0x000000008bb00000, 0x000000008bc00000, 0x000000008bc00000|100%| O|  |TAMS 0x000000008bb00000, 0x000000008bb00000| Untracked 
| 188|0x000000008bc00000, 0x000000008bd00000, 0x000000008bd00000|100%| O|  |TAMS 0x000000008bc00000, 0x000000008bc00000| Untracked 
| 189|0x000000008bd00000, 0x000000008be00000, 0x000000008be00000|100%| O|  |TAMS 0x000000008bd00000, 0x000000008bd00000| Untracked 
| 190|0x000000008be00000, 0x000000008bf00000, 0x000000008bf00000|100%| O|  |TAMS 0x000000008be00000, 0x000000008be00000| Untracked 
| 191|0x000000008bf00000, 0x000000008c000000, 0x000000008c000000|100%| O|  |TAMS 0x000000008bf00000, 0x000000008bf00000| Untracked 
| 192|0x000000008c000000, 0x000000008c100000, 0x000000008c100000|100%| O|  |TAMS 0x000000008c000000, 0x000000008c000000| Untracked 
| 193|0x000000008c100000, 0x000000008c200000, 0x000000008c200000|100%| O|  |TAMS 0x000000008c100000, 0x000000008c100000| Untracked 
| 194|0x000000008c200000, 0x000000008c300000, 0x000000008c300000|100%| O|  |TAMS 0x000000008c200000, 0x000000008c200000| Untracked 
| 195|0x000000008c300000, 0x000000008c400000, 0x000000008c400000|100%| O|  |TAMS 0x000000008c300000, 0x000000008c300000| Untracked 
| 196|0x000000008c400000, 0x000000008c500000, 0x000000008c500000|100%| O|  |TAMS 0x000000008c400000, 0x000000008c400000| Untracked 
| 197|0x000000008c500000, 0x000000008c50b000, 0x000000008c600000|  4%| O|  |TAMS 0x000000008c500000, 0x000000008c500000| Untracked 
| 198|0x000000008c600000, 0x000000008c700000, 0x000000008c700000|100%|HS|  |TAMS 0x000000008c600000, 0x000000008c600000| Complete 
| 199|0x000000008c700000, 0x000000008c800000, 0x000000008c800000|100%|HC|  |TAMS 0x000000008c700000, 0x000000008c700000| Complete 
| 200|0x000000008c800000, 0x000000008c900000, 0x000000008c900000|100%|HS|  |TAMS 0x000000008c800000, 0x000000008c800000| Complete 
| 201|0x000000008c900000, 0x000000008ca00000, 0x000000008ca00000|100%|HC|  |TAMS 0x000000008c900000, 0x000000008c900000| Complete 
| 202|0x000000008ca00000, 0x000000008ca00000, 0x000000008cb00000|  0%| F|  |TAMS 0x000000008ca00000, 0x000000008ca00000| Untracked 
| 203|0x000000008cb00000, 0x000000008cb00000, 0x000000008cc00000|  0%| F|  |TAMS 0x000000008cb00000, 0x000000008cb00000| Untracked 
| 204|0x000000008cc00000, 0x000000008cc00000, 0x000000008cd00000|  0%| F|  |TAMS 0x000000008cc00000, 0x000000008cc00000| Untracked 
| 205|0x000000008cd00000, 0x000000008cd00000, 0x000000008ce00000|  0%| F|  |TAMS 0x000000008cd00000, 0x000000008cd00000| Untracked 
| 206|0x000000008ce00000, 0x000000008ce00000, 0x000000008cf00000|  0%| F|  |TAMS 0x000000008ce00000, 0x000000008ce00000| Untracked 
| 207|0x000000008cf00000, 0x000000008cf00000, 0x000000008d000000|  0%| F|  |TAMS 0x000000008cf00000, 0x000000008cf00000| Untracked 
| 208|0x000000008d000000, 0x000000008d000000, 0x000000008d100000|  0%| F|  |TAMS 0x000000008d000000, 0x000000008d000000| Untracked 
| 209|0x000000008d100000, 0x000000008d100000, 0x000000008d200000|  0%| F|  |TAMS 0x000000008d100000, 0x000000008d100000| Untracked 
| 210|0x000000008d200000, 0x000000008d200000, 0x000000008d300000|  0%| F|  |TAMS 0x000000008d200000, 0x000000008d200000| Untracked 
| 211|0x000000008d300000, 0x000000008d300000, 0x000000008d400000|  0%| F|  |TAMS 0x000000008d300000, 0x000000008d300000| Untracked 
| 212|0x000000008d400000, 0x000000008d400000, 0x000000008d500000|  0%| F|  |TAMS 0x000000008d400000, 0x000000008d400000| Untracked 
| 213|0x000000008d500000, 0x000000008d500000, 0x000000008d600000|  0%| F|  |TAMS 0x000000008d500000, 0x000000008d500000| Untracked 
| 214|0x000000008d600000, 0x000000008d600000, 0x000000008d700000|  0%| F|  |TAMS 0x000000008d600000, 0x000000008d600000| Untracked 
| 215|0x000000008d700000, 0x000000008d700000, 0x000000008d800000|  0%| F|  |TAMS 0x000000008d700000, 0x000000008d700000| Untracked 
| 216|0x000000008d800000, 0x000000008d800000, 0x000000008d900000|  0%| F|  |TAMS 0x000000008d800000, 0x000000008d800000| Untracked 
| 217|0x000000008d900000, 0x000000008d900000, 0x000000008da00000|  0%| F|  |TAMS 0x000000008d900000, 0x000000008d900000| Untracked 
| 218|0x000000008da00000, 0x000000008da00000, 0x000000008db00000|  0%| F|  |TAMS 0x000000008da00000, 0x000000008da00000| Untracked 
| 219|0x000000008db00000, 0x000000008db00000, 0x000000008dc00000|  0%| F|  |TAMS 0x000000008db00000, 0x000000008db00000| Untracked 
| 220|0x000000008dc00000, 0x000000008dc00000, 0x000000008dd00000|  0%| F|  |TAMS 0x000000008dc00000, 0x000000008dc00000| Untracked 
| 221|0x000000008dd00000, 0x000000008dd00000, 0x000000008de00000|  0%| F|  |TAMS 0x000000008dd00000, 0x000000008dd00000| Untracked 
| 222|0x000000008de00000, 0x000000008de00000, 0x000000008df00000|  0%| F|  |TAMS 0x000000008de00000, 0x000000008de00000| Untracked 
| 223|0x000000008df00000, 0x000000008df00000, 0x000000008e000000|  0%| F|  |TAMS 0x000000008df00000, 0x000000008df00000| Untracked 
| 224|0x000000008e000000, 0x000000008e000000, 0x000000008e100000|  0%| F|  |TAMS 0x000000008e000000, 0x000000008e000000| Untracked 
| 225|0x000000008e100000, 0x000000008e100000, 0x000000008e200000|  0%| F|  |TAMS 0x000000008e100000, 0x000000008e100000| Untracked 
| 226|0x000000008e200000, 0x000000008e200000, 0x000000008e300000|  0%| F|  |TAMS 0x000000008e200000, 0x000000008e200000| Untracked 
| 227|0x000000008e300000, 0x000000008e300000, 0x000000008e400000|  0%| F|  |TAMS 0x000000008e300000, 0x000000008e300000| Untracked 
| 228|0x000000008e400000, 0x000000008e42bd10, 0x000000008e500000| 17%| S|CS|TAMS 0x000000008e400000, 0x000000008e400000| Complete 
| 229|0x000000008e500000, 0x000000008e600000, 0x000000008e600000|100%| S|CS|TAMS 0x000000008e500000, 0x000000008e500000| Complete 
| 230|0x000000008e600000, 0x000000008e600000, 0x000000008e700000|  0%| F|  |TAMS 0x000000008e600000, 0x000000008e600000| Untracked 
| 231|0x000000008e700000, 0x000000008e700000, 0x000000008e800000|  0%| F|  |TAMS 0x000000008e700000, 0x000000008e700000| Untracked 
| 232|0x000000008e800000, 0x000000008e8adfc0, 0x000000008e900000| 67%| E|  |TAMS 0x000000008e800000, 0x000000008e800000| Complete 
| 233|0x000000008e900000, 0x000000008ea00000, 0x000000008ea00000|100%| E|CS|TAMS 0x000000008e900000, 0x000000008e900000| Complete 
| 234|0x000000008ea00000, 0x000000008eb00000, 0x000000008eb00000|100%| E|CS|TAMS 0x000000008ea00000, 0x000000008ea00000| Complete 
| 235|0x000000008eb00000, 0x000000008ec00000, 0x000000008ec00000|100%| E|CS|TAMS 0x000000008eb00000, 0x000000008eb00000| Complete 
| 236|0x000000008ec00000, 0x000000008ed00000, 0x000000008ed00000|100%| E|CS|TAMS 0x000000008ec00000, 0x000000008ec00000| Complete 
| 237|0x000000008ed00000, 0x000000008ee00000, 0x000000008ee00000|100%| E|CS|TAMS 0x000000008ed00000, 0x000000008ed00000| Complete 
| 238|0x000000008ee00000, 0x000000008ef00000, 0x000000008ef00000|100%| E|CS|TAMS 0x000000008ee00000, 0x000000008ee00000| Complete 
| 239|0x000000008ef00000, 0x000000008f000000, 0x000000008f000000|100%| E|CS|TAMS 0x000000008ef00000, 0x000000008ef00000| Complete 
| 240|0x000000008f000000, 0x000000008f100000, 0x000000008f100000|100%| E|CS|TAMS 0x000000008f000000, 0x000000008f000000| Complete 
| 241|0x000000008f100000, 0x000000008f200000, 0x000000008f200000|100%| E|CS|TAMS 0x000000008f100000, 0x000000008f100000| Complete 
| 242|0x000000008f200000, 0x000000008f300000, 0x000000008f300000|100%| E|CS|TAMS 0x000000008f200000, 0x000000008f200000| Complete 
| 243|0x000000008f300000, 0x000000008f400000, 0x000000008f400000|100%| E|CS|TAMS 0x000000008f300000, 0x000000008f300000| Complete 
| 244|0x000000008f400000, 0x000000008f500000, 0x000000008f500000|100%| E|CS|TAMS 0x000000008f400000, 0x000000008f400000| Complete 
| 245|0x000000008f500000, 0x000000008f600000, 0x000000008f600000|100%| E|CS|TAMS 0x000000008f500000, 0x000000008f500000| Complete 
| 246|0x000000008f600000, 0x000000008f700000, 0x000000008f700000|100%| E|CS|TAMS 0x000000008f600000, 0x000000008f600000| Complete 
| 247|0x000000008f700000, 0x000000008f800000, 0x000000008f800000|100%| E|CS|TAMS 0x000000008f700000, 0x000000008f700000| Complete 
| 248|0x000000008f800000, 0x000000008f900000, 0x000000008f900000|100%| E|CS|TAMS 0x000000008f800000, 0x000000008f800000| Complete 
| 249|0x000000008f900000, 0x000000008fa00000, 0x000000008fa00000|100%| E|CS|TAMS 0x000000008f900000, 0x000000008f900000| Complete 
| 250|0x000000008fa00000, 0x000000008fb00000, 0x000000008fb00000|100%| E|CS|TAMS 0x000000008fa00000, 0x000000008fa00000| Complete 

Card table byte_map: [0x0000029b38760000,0x0000029b38b60000] _byte_map_base: 0x0000029b38360000

Marking Bits (Prev, Next): (CMBitMap*) 0x0000029b1fab01a0, (CMBitMap*) 0x0000029b1fab01e0
 Prev Bits: [0x0000029b38f60000, 0x0000029b3af60000)
 Next Bits: [0x0000029b3af60000, 0x0000029b3cf60000)

Polling page: 0x0000029b1fb10000

Metaspace:

Usage:
  Non-class:     90.36 MB used.
      Class:     14.51 MB used.
       Both:    104.87 MB used.

Virtual space:
  Non-class space:      128.00 MB reserved,      90.94 MB ( 71%) committed,  2 nodes.
      Class space:      416.00 MB reserved,      15.00 MB (  4%) committed,  1 nodes.
             Both:      544.00 MB reserved,     105.94 MB ( 19%) committed. 

Chunk freelists:
   Non-Class:  4.81 MB
       Class:  973.00 KB
        Both:  5.76 MB

MaxMetaspaceSize: 512.00 MB
CompressedClassSpaceSize: 416.00 MB
Initial GC threshold: 21.00 MB
Current GC threshold: 119.94 MB
CDS: on
MetaspaceReclaimPolicy: balanced
 - commit_granule_bytes: 65536.
 - commit_granule_words: 8192.
 - virtual_space_node_default_size: 8388608.
 - enlarge_chunks_in_place: 1.
 - new_chunks_are_fully_committed: 0.
 - uncommit_free_chunks: 1.
 - use_allocation_guard: 0.
 - handle_deallocations: 1.


Internal statistics:

num_allocs_failed_limit: 9.
num_arena_births: 1484.
num_arena_deaths: 0.
num_vsnodes_births: 3.
num_vsnodes_deaths: 0.
num_space_committed: 1694.
num_space_uncommitted: 0.
num_chunks_returned_to_freelist: 9.
num_chunks_taken_from_freelist: 6258.
num_chunk_merges: 9.
num_chunk_splits: 4028.
num_chunks_enlarged: 2542.
num_inconsistent_stats: 0.

CodeHeap 'non-profiled nmethods': size=120000Kb used=9615Kb max_used=9615Kb free=110384Kb
 bounds [0x0000029b30810000, 0x0000029b31180000, 0x0000029b37d40000]
CodeHeap 'profiled nmethods': size=120000Kb used=27452Kb max_used=27452Kb free=92548Kb
 bounds [0x0000029b28d40000, 0x0000029b2a810000, 0x0000029b30270000]
CodeHeap 'non-nmethods': size=5760Kb used=2426Kb max_used=2526Kb free=3333Kb
 bounds [0x0000029b30270000, 0x0000029b30510000, 0x0000029b30810000]
 total_blobs=14847 nmethods=13888 adapters=869
 compilation: enabled
              stopped_count=0, restarted_count=0
 full_count=0

Compilation events (20 events):
Event: 65.882 Thread 0x0000029b64302f70 nmethod 16023 0x0000029b3115be90 code [0x0000029b3115c040, 0x0000029b3115ca58]
Event: 65.883 Thread 0x0000029b64302f70 16025       4       org.gradle.api.internal.changedetection.state.CachingFileHasher::hash (12 bytes)
Event: 65.908 Thread 0x0000029b3f58bcc0 nmethod 16024 0x0000029b3115ce90 code [0x0000029b3115d100, 0x0000029b3115dea0]
Event: 65.909 Thread 0x0000029b3f58bcc0 16026       4       java.util.stream.ReduceOps$3ReducingSink::begin (14 bytes)
Event: 65.911 Thread 0x0000029b64302f70 nmethod 16025 0x0000029b3115eb10 code [0x0000029b3115ed80, 0x0000029b3115fb40]
Event: 65.911 Thread 0x0000029b3f58bcc0 nmethod 16026 0x0000029b31046510 code [0x0000029b31046680, 0x0000029b310467f8]
Event: 65.918 Thread 0x0000029b3f58bcc0 16027       4       org.gradle.internal.snapshot.impl.DirectorySnapshotter$PathVisitor::shouldVisit (92 bytes)
Event: 65.920 Thread 0x0000029b64302f70 16028       4       org.gradle.internal.serialize.InterningStringSerializer::write (10 bytes)
Event: 65.933 Thread 0x0000029b3f58bcc0 nmethod 16027 0x0000029b31160790 code [0x0000029b31160980, 0x0000029b311610b0]
Event: 65.933 Thread 0x0000029b3f58bcc0 16029       4       org.gradle.api.internal.changedetection.state.CachingFileHasher$FileInfoSerializer::read (6 bytes)
Event: 65.954 Thread 0x0000029b64302f70 nmethod 16028 0x0000029b31161790 code [0x0000029b31161940, 0x0000029b31162098]
Event: 65.968 Thread 0x0000029b64302f70 16030   !   4       com.google.common.cache.LocalCache$Segment::lockedGetOrLoad (447 bytes)
Event: 65.994 Thread 0x0000029b3f58bcc0 nmethod 16029 0x0000029b31162410 code [0x0000029b311626a0, 0x0000029b31163fc0]
Event: 65.995 Thread 0x0000029b3f58bcc0 16031       4       org.gradle.cache.internal.DefaultFileLockManager$DefaultFileLock::assertOpenAndIntegral (41 bytes)
Event: 65.997 Thread 0x0000029b3f58bcc0 nmethod 16031 0x0000029b31165210 code [0x0000029b311653a0, 0x0000029b311654d8]
Event: 65.997 Thread 0x0000029b3f58bcc0 16033   !   4       org.gradle.cache.internal.DefaultMultiProcessSafeIndexedCache::getIfPresent (25 bytes)
Event: 66.031 Thread 0x0000029b64302f70 nmethod 16030 0x0000029b31165610 code [0x0000029b311658a0, 0x0000029b31167560]
Event: 66.032 Thread 0x0000029b64302f70 16032       4       com.google.common.cache.LocalCache$LoadingValueReference::<init> (34 bytes)
Event: 66.037 Thread 0x0000029b64302f70 nmethod 16032 0x0000029b31168810 code [0x0000029b311689a0, 0x0000029b31168db8]
Event: 66.039 Thread 0x0000029b64302f70 16034       4       org.gradle.cache.internal.DefaultCacheCoordinator$UnitOfWorkFileAccess::readFile (14 bytes)

GC Heap History (20 events):
Event: 59.391 GC heap before
{Heap before GC invocations=60 (full 0):
 garbage-first heap   total 257024K, used 210646K [0x0000000080000000, 0x0000000100000000)
  region size 1024K, 41 young (41984K), 6 survivors (6144K)
 Metaspace       used 101792K, committed 102976K, reserved 557056K
  class space    used 14280K, committed 14784K, reserved 425984K
}
Event: 59.409 GC heap after
{Heap after GC invocations=61 (full 0):
 garbage-first heap   total 257024K, used 177578K [0x0000000080000000, 0x0000000100000000)
  region size 1024K, 3 young (3072K), 3 survivors (3072K)
 Metaspace       used 101792K, committed 102976K, reserved 557056K
  class space    used 14280K, committed 14784K, reserved 425984K
}
Event: 61.205 GC heap before
{Heap before GC invocations=61 (full 0):
 garbage-first heap   total 257024K, used 212394K [0x0000000080000000, 0x0000000100000000)
  region size 1024K, 37 young (37888K), 3 survivors (3072K)
 Metaspace       used 103348K, committed 104512K, reserved 557056K
  class space    used 14461K, committed 14976K, reserved 425984K
}
Event: 61.218 GC heap after
{Heap after GC invocations=62 (full 0):
 garbage-first heap   total 257024K, used 182263K [0x0000000080000000, 0x0000000100000000)
  region size 1024K, 5 young (5120K), 5 survivors (5120K)
 Metaspace       used 103348K, committed 104512K, reserved 557056K
  class space    used 14461K, committed 14976K, reserved 425984K
}
Event: 61.956 GC heap before
{Heap before GC invocations=62 (full 0):
 garbage-first heap   total 257024K, used 215031K [0x0000000080000000, 0x0000000100000000)
  region size 1024K, 37 young (37888K), 5 survivors (5120K)
 Metaspace       used 103812K, committed 104896K, reserved 557056K
  class space    used 14501K, committed 14976K, reserved 425984K
}
Event: 61.968 GC heap after
{Heap after GC invocations=63 (full 0):
 garbage-first heap   total 257024K, used 186185K [0x0000000080000000, 0x0000000100000000)
  region size 1024K, 4 young (4096K), 4 survivors (4096K)
 Metaspace       used 103812K, committed 104896K, reserved 557056K
  class space    used 14501K, committed 14976K, reserved 425984K
}
Event: 62.385 GC heap before
{Heap before GC invocations=63 (full 0):
 garbage-first heap   total 257024K, used 215881K [0x0000000080000000, 0x0000000100000000)
  region size 1024K, 33 young (33792K), 4 survivors (4096K)
 Metaspace       used 103981K, committed 105088K, reserved 557056K
  class space    used 14501K, committed 14976K, reserved 425984K
}
Event: 62.393 GC heap after
{Heap after GC invocations=64 (full 0):
 garbage-first heap   total 257024K, used 189031K [0x0000000080000000, 0x0000000100000000)
  region size 1024K, 3 young (3072K), 3 survivors (3072K)
 Metaspace       used 103981K, committed 105088K, reserved 557056K
  class space    used 14501K, committed 14976K, reserved 425984K
}
Event: 62.823 GC heap before
{Heap before GC invocations=64 (full 0):
 garbage-first heap   total 257024K, used 217703K [0x0000000080000000, 0x0000000100000000)
  region size 1024K, 32 young (32768K), 3 survivors (3072K)
 Metaspace       used 104700K, committed 105792K, reserved 557056K
  class space    used 14563K, committed 15040K, reserved 425984K
}
Event: 62.833 GC heap after
{Heap after GC invocations=65 (full 0):
 garbage-first heap   total 257024K, used 193991K [0x0000000080000000, 0x0000000100000000)
  region size 1024K, 4 young (4096K), 4 survivors (4096K)
 Metaspace       used 104700K, committed 105792K, reserved 557056K
  class space    used 14563K, committed 15040K, reserved 425984K
}
Event: 63.466 GC heap before
{Heap before GC invocations=65 (full 0):
 garbage-first heap   total 257024K, used 222663K [0x0000000080000000, 0x0000000100000000)
  region size 1024K, 28 young (28672K), 4 survivors (4096K)
 Metaspace       used 106505K, committed 107712K, reserved 557056K
  class space    used 14761K, committed 15296K, reserved 425984K
}
Event: 63.476 GC heap after
{Heap after GC invocations=66 (full 0):
 garbage-first heap   total 257024K, used 196574K [0x0000000080000000, 0x0000000100000000)
  region size 1024K, 3 young (3072K), 3 survivors (3072K)
 Metaspace       used 106505K, committed 107712K, reserved 557056K
  class space    used 14761K, committed 15296K, reserved 425984K
}
Event: 63.929 GC heap before
{Heap before GC invocations=66 (full 0):
 garbage-first heap   total 257024K, used 218078K [0x0000000080000000, 0x0000000100000000)
  region size 1024K, 25 young (25600K), 3 survivors (3072K)
 Metaspace       used 106725K, committed 107904K, reserved 557056K
  class space    used 14769K, committed 15296K, reserved 425984K
}
Event: 63.934 GC heap after
{Heap after GC invocations=67 (full 0):
 garbage-first heap   total 257024K, used 197511K [0x0000000080000000, 0x0000000100000000)
  region size 1024K, 2 young (2048K), 2 survivors (2048K)
 Metaspace       used 106725K, committed 107904K, reserved 557056K
  class space    used 14769K, committed 15296K, reserved 425984K
}
Event: 64.382 GC heap before
{Heap before GC invocations=67 (full 0):
 garbage-first heap   total 257024K, used 221063K [0x0000000080000000, 0x0000000100000000)
  region size 1024K, 25 young (25600K), 2 survivors (2048K)
 Metaspace       used 107233K, committed 108352K, reserved 557056K
  class space    used 14856K, committed 15360K, reserved 425984K
}
Event: 64.386 GC heap after
{Heap after GC invocations=68 (full 0):
 garbage-first heap   total 257024K, used 198406K [0x0000000080000000, 0x0000000100000000)
  region size 1024K, 2 young (2048K), 2 survivors (2048K)
 Metaspace       used 107233K, committed 108352K, reserved 557056K
  class space    used 14856K, committed 15360K, reserved 425984K
}
Event: 64.849 GC heap before
{Heap before GC invocations=68 (full 0):
 garbage-first heap   total 257024K, used 220934K [0x0000000080000000, 0x0000000100000000)
  region size 1024K, 25 young (25600K), 2 survivors (2048K)
 Metaspace       used 107316K, committed 108480K, reserved 557056K
  class space    used 14860K, committed 15360K, reserved 425984K
}
Event: 64.855 GC heap after
{Heap after GC invocations=69 (full 0):
 garbage-first heap   total 257024K, used 201470K [0x0000000080000000, 0x0000000100000000)
  region size 1024K, 4 young (4096K), 4 survivors (4096K)
 Metaspace       used 107316K, committed 108480K, reserved 557056K
  class space    used 14860K, committed 15360K, reserved 425984K
}
Event: 65.707 GC heap before
{Heap before GC invocations=69 (full 0):
 garbage-first heap   total 257024K, used 221950K [0x0000000080000000, 0x0000000100000000)
  region size 1024K, 25 young (25600K), 4 survivors (4096K)
 Metaspace       used 107317K, committed 108480K, reserved 557056K
  class space    used 14860K, committed 15360K, reserved 425984K
}
Event: 65.716 GC heap after
{Heap after GC invocations=70 (full 0):
 garbage-first heap   total 257024K, used 202721K [0x0000000080000000, 0x0000000100000000)
  region size 1024K, 2 young (2048K), 2 survivors (2048K)
 Metaspace       used 107317K, committed 108480K, reserved 557056K
  class space    used 14860K, committed 15360K, reserved 425984K
}

Dll operation events (14 events):
Event: 0.017 Loaded shared library C:\Program Files\Microsoft\jdk-17.0.8.7-hotspot\bin\java.dll
Event: 0.044 Loaded shared library C:\Program Files\Microsoft\jdk-17.0.8.7-hotspot\bin\jsvml.dll
Event: 0.106 Loaded shared library C:\Program Files\Microsoft\jdk-17.0.8.7-hotspot\bin\zip.dll
Event: 0.111 Loaded shared library C:\Program Files\Microsoft\jdk-17.0.8.7-hotspot\bin\instrument.dll
Event: 0.116 Loaded shared library C:\Program Files\Microsoft\jdk-17.0.8.7-hotspot\bin\net.dll
Event: 0.118 Loaded shared library C:\Program Files\Microsoft\jdk-17.0.8.7-hotspot\bin\nio.dll
Event: 0.122 Loaded shared library C:\Program Files\Microsoft\jdk-17.0.8.7-hotspot\bin\zip.dll
Event: 0.394 Loaded shared library C:\Program Files\Microsoft\jdk-17.0.8.7-hotspot\bin\jimage.dll
Event: 0.507 Loaded shared library C:\Program Files\Microsoft\jdk-17.0.8.7-hotspot\bin\verify.dll
Event: 0.783 Loaded shared library C:\Users\dell\.gradle\native\68d5fa5c4cc2d200863cafc0d521ce42e7d3e7ee720ec0a83991735586a16f82\windows-amd64\native-platform.dll
Event: 0.803 Loaded shared library C:\Users\dell\.gradle\native\e376f236ea51e6404a007f0833ffe2c6e607c4080706a723a18a27aeea778392\windows-amd64\native-platform-file-events.dll
Event: 2.253 Loaded shared library C:\Program Files\Microsoft\jdk-17.0.8.7-hotspot\bin\management.dll
Event: 2.257 Loaded shared library C:\Program Files\Microsoft\jdk-17.0.8.7-hotspot\bin\management_ext.dll
Event: 3.051 Loaded shared library C:\Program Files\Microsoft\jdk-17.0.8.7-hotspot\bin\sunmscapi.dll

Deoptimization events (20 events):
Event: 64.346 Thread 0x0000029b63d3d9f0 Uncommon trap: trap_request=0xffffff45 fr.pc=0x0000029b310e813c relative=0x00000000000057bc
Event: 64.346 Thread 0x0000029b63d3d9f0 Uncommon trap: reason=unstable_if action=reinterpret pc=0x0000029b310e813c method=org.gradle.internal.logging.progress.DefaultProgressLoggerFactory.newOperation(Ljava/lang/Class;Lorg/gradle/internal/operations/BuildOperationDescriptor;)Lorg/gradle/interna
Event: 64.346 Thread 0x0000029b63d3d9f0 DEOPT PACKING pc=0x0000029b310e813c sp=0x000000ec859fe870
Event: 64.346 Thread 0x0000029b63d3d9f0 DEOPT UNPACKING pc=0x0000029b302c69a3 sp=0x000000ec859fe718 mode 2
Event: 64.352 Thread 0x0000029b63d3d9f0 Uncommon trap: trap_request=0xffffffc6 fr.pc=0x0000029b310cc7c8 relative=0x00000000000000a8
Event: 64.352 Thread 0x0000029b63d3d9f0 Uncommon trap: reason=bimorphic_or_optimized_type_check action=maybe_recompile pc=0x0000029b310cc7c8 method=org.gradle.execution.plan.ActionNode.hasPendingPreExecutionNodes()Z @ 11 c2
Event: 64.352 Thread 0x0000029b63d3d9f0 DEOPT PACKING pc=0x0000029b310cc7c8 sp=0x000000ec859feab0
Event: 64.352 Thread 0x0000029b63d3d9f0 DEOPT UNPACKING pc=0x0000029b302c69a3 sp=0x000000ec859fea38 mode 2
Event: 64.356 Thread 0x0000029b63d36070 Uncommon trap: trap_request=0xffffffc6 fr.pc=0x0000029b310cc7c8 relative=0x00000000000000a8
Event: 64.356 Thread 0x0000029b63d36070 Uncommon trap: reason=bimorphic_or_optimized_type_check action=maybe_recompile pc=0x0000029b310cc7c8 method=org.gradle.execution.plan.ActionNode.hasPendingPreExecutionNodes()Z @ 11 c2
Event: 64.356 Thread 0x0000029b63d36070 DEOPT PACKING pc=0x0000029b310cc7c8 sp=0x000000ec858fe670
Event: 64.356 Thread 0x0000029b63d36070 DEOPT UNPACKING pc=0x0000029b302c69a3 sp=0x000000ec858fe5f8 mode 2
Event: 64.403 Thread 0x0000029b63d3c0a0 Uncommon trap: trap_request=0xffffffc6 fr.pc=0x0000029b310cc7c8 relative=0x00000000000000a8
Event: 64.403 Thread 0x0000029b63d3c0a0 Uncommon trap: reason=bimorphic_or_optimized_type_check action=maybe_recompile pc=0x0000029b310cc7c8 method=org.gradle.execution.plan.ActionNode.hasPendingPreExecutionNodes()Z @ 11 c2
Event: 64.403 Thread 0x0000029b63d3c0a0 DEOPT PACKING pc=0x0000029b310cc7c8 sp=0x000000ec84ffd7d0
Event: 64.403 Thread 0x0000029b63d3c0a0 DEOPT UNPACKING pc=0x0000029b302c69a3 sp=0x000000ec84ffd758 mode 2
Event: 64.429 Thread 0x0000029b63d3c0a0 Uncommon trap: trap_request=0xffffffc6 fr.pc=0x0000029b310cc7c8 relative=0x00000000000000a8
Event: 64.429 Thread 0x0000029b63d3c0a0 Uncommon trap: reason=bimorphic_or_optimized_type_check action=maybe_recompile pc=0x0000029b310cc7c8 method=org.gradle.execution.plan.ActionNode.hasPendingPreExecutionNodes()Z @ 11 c2
Event: 64.429 Thread 0x0000029b63d3c0a0 DEOPT PACKING pc=0x0000029b310cc7c8 sp=0x000000ec84ffd7d0
Event: 64.429 Thread 0x0000029b63d3c0a0 DEOPT UNPACKING pc=0x0000029b302c69a3 sp=0x000000ec84ffd758 mode 2

Classes unloaded (0 events):
No events

Classes redefined (0 events):
No events

Internal exceptions (20 events):
Event: 61.542 Thread 0x0000029b5fe77120 Exception <a 'sun/nio/fs/WindowsException'{0x000000008eae1da0}> (0x000000008eae1da0) 
thrown [s\src\hotspot\share\prims\jni.cpp, line 516]
Event: 61.543 Thread 0x0000029b5fe77120 Exception <a 'sun/nio/fs/WindowsException'{0x000000008eae33e0}> (0x000000008eae33e0) 
thrown [s\src\hotspot\share\prims\jni.cpp, line 516]
Event: 61.543 Thread 0x0000029b5fe77120 Exception <a 'sun/nio/fs/WindowsException'{0x000000008eae4a70}> (0x000000008eae4a70) 
thrown [s\src\hotspot\share\prims\jni.cpp, line 516]
Event: 61.543 Thread 0x0000029b5fe77120 Exception <a 'sun/nio/fs/WindowsException'{0x000000008eae6100}> (0x000000008eae6100) 
thrown [s\src\hotspot\share\prims\jni.cpp, line 516]
Event: 62.969 Thread 0x0000029b5fe77120 Exception <a 'java/lang/NoSuchMethodError'{0x000000008f603cc0}: static Lcom/android/build/gradle/internal/profile/ProjectData;.<clinit>()V> (0x000000008f603cc0) 
thrown [s\src\hotspot\share\prims\jni.cpp, line 1107]
Event: 62.994 Thread 0x0000029b5fe77120 Exception <a 'java/lang/NoSuchMethodError'{0x000000008f68d4b0}: static Lcom/android/build/gradle/internal/profile/TaskMetadata;.<clinit>()V> (0x000000008f68d4b0) 
thrown [s\src\hotspot\share\prims\jni.cpp, line 1107]
Event: 63.090 Thread 0x0000029b5fe77120 Exception <a 'sun/nio/fs/WindowsException'{0x000000008f14bdc8}> (0x000000008f14bdc8) 
thrown [s\src\hotspot\share\prims\jni.cpp, line 516]
Event: 63.192 Thread 0x0000029b63d3c0a0 Exception <a 'java/lang/NoSuchMethodError'{0x000000008edd4bb0}: 'void java.lang.invoke.DirectMethodHandle$Holder.invokeStatic(java.lang.Object, java.lang.Object, java.lang.Object, java.lang.Object, int, java.lang.Object, java.lang.Object)'> (0x000000008edd4bb0) 
thrown [s\src\hotspot\share\interpreter\linkResolver.cpp, line 759]
Event: 63.236 Thread 0x0000029b69b6e050 Exception <a 'java/lang/NoSuchMethodError'{0x000000008eb825e0}: 'java.lang.Object java.lang.invoke.DirectMethodHandle$Holder.invokeSpecialIFC(java.lang.Object, java.lang.Object, java.lang.Object)'> (0x000000008eb825e0) 
thrown [s\src\hotspot\share\interpreter\linkResolver.cpp, line 759]
Event: 63.236 Thread 0x0000029b63d3c0a0 Exception <a 'java/lang/NoSuchMethodError'{0x000000008eb70e70}: 'java.lang.Object java.lang.invoke.DirectMethodHandle$Holder.invokeSpecialIFC(java.lang.Object, java.lang.Object, java.lang.Object)'> (0x000000008eb70e70) 
thrown [s\src\hotspot\share\interpreter\linkResolver.cpp, line 759]
Event: 63.236 Thread 0x0000029b69b73b70 Exception <a 'java/lang/NoSuchMethodError'{0x000000008eb62be8}: 'java.lang.Object java.lang.invoke.DirectMethodHandle$Holder.invokeSpecialIFC(java.lang.Object, java.lang.Object, java.lang.Object)'> (0x000000008eb62be8) 
thrown [s\src\hotspot\share\interpreter\linkResolver.cpp, line 759]
Event: 63.237 Thread 0x0000029b69b74080 Exception <a 'java/lang/NoSuchMethodError'{0x000000008eb8e8d8}: 'java.lang.Object java.lang.invoke.DirectMethodHandle$Holder.invokeSpecialIFC(java.lang.Object, java.lang.Object, java.lang.Object)'> (0x000000008eb8e8d8) 
thrown [s\src\hotspot\share\interpreter\linkResolver.cpp, line 759]
Event: 63.566 Thread 0x0000029b69b74080 Exception <a 'java/lang/NoSuchMethodError'{0x000000008f7ee2d0}: 'void java.lang.invoke.DirectMethodHandle$Holder.invokeVirtual(java.lang.Object, java.lang.Object)'> (0x000000008f7ee2d0) 
thrown [s\src\hotspot\share\interpreter\linkResolver.cpp, line 759]
Event: 64.233 Thread 0x0000029b63d36a90 Exception <a 'java/lang/ClassNotFoundException'{0x000000008e7e1840}: groovy/util/FileTreeBuilderBeanInfo> (0x000000008e7e1840) 
thrown [s\src\hotspot\share\classfile\systemDictionary.cpp, line 256]
Event: 64.235 Thread 0x0000029b63d36a90 Exception <a 'java/lang/ClassNotFoundException'{0x000000008e6756f8}: groovy/util/FileTreeBuilderCustomizer> (0x000000008e6756f8) 
thrown [s\src\hotspot\share\classfile\systemDictionary.cpp, line 256]
Event: 64.241 Thread 0x0000029b63d36a90 Exception <a 'java/lang/ClassNotFoundException'{0x000000008e6b77a0}: java/io/BufferedWriterBeanInfo> (0x000000008e6b77a0) 
thrown [s\src\hotspot\share\classfile\systemDictionary.cpp, line 256]
Event: 64.241 Thread 0x0000029b63d36a90 Exception <a 'java/lang/ClassNotFoundException'{0x000000008e6be0d0}: java/io/WriterBeanInfo> (0x000000008e6be0d0) 
thrown [s\src\hotspot\share\classfile\systemDictionary.cpp, line 256]
Event: 64.242 Thread 0x0000029b63d36a90 Exception <a 'java/lang/ClassNotFoundException'{0x000000008e6c4a20}: java/io/WriterCustomizer> (0x000000008e6c4a20) 
thrown [s\src\hotspot\share\classfile\systemDictionary.cpp, line 256]
Event: 64.242 Thread 0x0000029b63d36a90 Exception <a 'java/lang/ClassNotFoundException'{0x000000008e6d6768}: java/io/BufferedWriterCustomizer> (0x000000008e6d6768) 
thrown [s\src\hotspot\share\classfile\systemDictionary.cpp, line 256]
Event: 64.341 Thread 0x0000029b63d3d9f0 Exception <a 'java/lang/NoSuchMethodError'{0x000000008e587b00}: static Lcom/android/build/api/variant/BuildConfigField;.<clinit>()V> (0x000000008e587b00) 
thrown [s\src\hotspot\share\prims\jni.cpp, line 1107]

VM Operations (20 events):
Event: 63.267 Executing VM operation: ICBufferFull
Event: 63.267 Executing VM operation: ICBufferFull done
Event: 63.466 Executing VM operation: G1CollectForAllocation
Event: 63.477 Executing VM operation: G1CollectForAllocation done
Event: 63.890 Executing VM operation: ICBufferFull
Event: 63.903 Executing VM operation: ICBufferFull done
Event: 63.929 Executing VM operation: G1CollectForAllocation
Event: 63.934 Executing VM operation: G1CollectForAllocation done
Event: 64.185 Executing VM operation: HandshakeAllThreads
Event: 64.185 Executing VM operation: HandshakeAllThreads done
Event: 64.382 Executing VM operation: G1CollectForAllocation
Event: 64.386 Executing VM operation: G1CollectForAllocation done
Event: 64.849 Executing VM operation: G1CollectForAllocation
Event: 64.855 Executing VM operation: G1CollectForAllocation done
Event: 65.707 Executing VM operation: G1CollectForAllocation
Event: 65.716 Executing VM operation: G1CollectForAllocation done
Event: 65.782 Executing VM operation: HandshakeAllThreads
Event: 65.782 Executing VM operation: HandshakeAllThreads done
Event: 65.808 Executing VM operation: ICBufferFull
Event: 65.809 Executing VM operation: ICBufferFull done

Events (20 events):
Event: 64.241 loading class java/io/BufferedWriterBeanInfo
Event: 64.241 loading class java/io/BufferedWriterBeanInfo done
Event: 64.241 loading class java/io/WriterBeanInfo
Event: 64.241 loading class java/io/WriterBeanInfo done
Event: 64.241 loading class java/io/WriterBeanInfo
Event: 64.241 loading class java/io/WriterBeanInfo done
Event: 64.241 loading class java/io/WriterCustomizer
Event: 64.241 loading class java/io/WriterCustomizer done
Event: 64.242 loading class java/io/WriterCustomizer
Event: 64.242 loading class java/io/WriterCustomizer done
Event: 64.242 loading class java/io/BufferedWriterCustomizer
Event: 64.242 loading class java/io/BufferedWriterCustomizer done
Event: 64.242 loading class java/io/BufferedWriterCustomizer
Event: 64.242 loading class java/io/BufferedWriterCustomizer done
Event: 65.787 Thread 0x0000029b3f58fb50 flushing nmethod 0x0000029b31046510
Event: 65.800 Thread 0x0000029b3f58fb50 flushing nmethod 0x0000029b29910e10
Event: 65.804 Thread 0x0000029b3f58fb50 flushing nmethod 0x0000029b29ef2310
Event: 65.809 Thread 0x0000029b3f58fb50 flushing nmethod 0x0000029b2a469c10
Event: 65.809 Thread 0x0000029b3f58fb50 flushing nmethod 0x0000029b2a480610
Event: 65.809 Thread 0x0000029b3f58fb50 flushing nmethod 0x0000029b2a482b10


Dynamic libraries:
0x00007ff7f41a0000 - 0x00007ff7f41ae000 	C:\Program Files\Microsoft\jdk-17.0.8.7-hotspot\bin\java.exe
0x00007ff83cdd0000 - 0x00007ff83cfc8000 	C:\Windows\SYSTEM32\ntdll.dll
0x00007ff83c9c0000 - 0x00007ff83ca7d000 	C:\Windows\System32\KERNEL32.DLL
0x00007ff83a490000 - 0x00007ff83a786000 	C:\Windows\System32\KERNELBASE.dll
0x00007ff83a800000 - 0x00007ff83a900000 	C:\Windows\System32\ucrtbase.dll
0x00007ff817950000 - 0x00007ff81796b000 	C:\Program Files\Microsoft\jdk-17.0.8.7-hotspot\bin\VCRUNTIME140.dll
0x00007ff8222f0000 - 0x00007ff822307000 	C:\Program Files\Microsoft\jdk-17.0.8.7-hotspot\bin\jli.dll
0x00007ff83c820000 - 0x00007ff83c9be000 	C:\Windows\System32\USER32.dll
0x00007ff825fd0000 - 0x00007ff82626a000 	C:\Windows\WinSxS\amd64_microsoft.windows.common-controls_6595b64144ccf1df_6.0.19041.3636_none_60b6a03d71f818d5\COMCTL32.dll
0x00007ff83a900000 - 0x00007ff83a922000 	C:\Windows\System32\win32u.dll
0x00007ff83b3a0000 - 0x00007ff83b43e000 	C:\Windows\System32\msvcrt.dll
0x00007ff83c420000 - 0x00007ff83c44b000 	C:\Windows\System32\GDI32.dll
0x00007ff83a930000 - 0x00007ff83aa47000 	C:\Windows\System32\gdi32full.dll
0x00007ff83ab00000 - 0x00007ff83ab9d000 	C:\Windows\System32\msvcp_win.dll
0x00007ff83bdc0000 - 0x00007ff83bdf2000 	C:\Windows\System32\IMM32.DLL
0x00007ff823570000 - 0x00007ff82357c000 	C:\Program Files\Microsoft\jdk-17.0.8.7-hotspot\bin\vcruntime140_1.dll
0x00007ff817970000 - 0x00007ff8179fd000 	C:\Program Files\Microsoft\jdk-17.0.8.7-hotspot\bin\msvcp140.dll
0x00007fffed580000 - 0x00007fffee1e5000 	C:\Program Files\Microsoft\jdk-17.0.8.7-hotspot\bin\server\jvm.dll
0x00007ff83cc00000 - 0x00007ff83ccb3000 	C:\Windows\System32\ADVAPI32.dll
0x00007ff83b300000 - 0x00007ff83b39f000 	C:\Windows\System32\sechost.dll
0x00007ff83c450000 - 0x00007ff83c576000 	C:\Windows\System32\RPCRT4.dll
0x00007ff83ade0000 - 0x00007ff83ae07000 	C:\Windows\System32\bcrypt.dll
0x00007ff8359a0000 - 0x00007ff8359a9000 	C:\Windows\SYSTEM32\WSOCK32.dll
0x00007ff83a2f0000 - 0x00007ff83a33b000 	C:\Windows\SYSTEM32\POWRPROF.dll
0x00007ff824010000 - 0x00007ff824037000 	C:\Windows\SYSTEM32\WINMM.dll
0x00007ff83cd20000 - 0x00007ff83cd8b000 	C:\Windows\System32\WS2_32.dll
0x00007ff8316c0000 - 0x00007ff8316ca000 	C:\Windows\SYSTEM32\VERSION.dll
0x00007ff83a2d0000 - 0x00007ff83a2e2000 	C:\Windows\SYSTEM32\UMPDC.dll
0x00007ff838c90000 - 0x00007ff838ca2000 	C:\Windows\SYSTEM32\kernel.appcore.dll
0x00007ff8332b0000 - 0x00007ff8332ba000 	C:\Program Files\Microsoft\jdk-17.0.8.7-hotspot\bin\jimage.dll
0x00007ff837a00000 - 0x00007ff837be4000 	C:\Windows\SYSTEM32\DBGHELP.DLL
0x00007ff8119d0000 - 0x00007ff811a04000 	C:\Windows\SYSTEM32\dbgcore.DLL
0x00007ff83aba0000 - 0x00007ff83ac22000 	C:\Windows\System32\bcryptPrimitives.dll
0x00007ff8326a0000 - 0x00007ff8326ae000 	C:\Program Files\Microsoft\jdk-17.0.8.7-hotspot\bin\instrument.dll
0x00007ff80f1e0000 - 0x00007ff80f205000 	C:\Program Files\Microsoft\jdk-17.0.8.7-hotspot\bin\java.dll
0x00007ff808e50000 - 0x00007ff808f27000 	C:\Program Files\Microsoft\jdk-17.0.8.7-hotspot\bin\jsvml.dll
0x00007ff83b4c0000 - 0x00007ff83bc05000 	C:\Windows\System32\SHELL32.dll
0x00007ff838410000 - 0x00007ff838bac000 	C:\Windows\SYSTEM32\windows.storage.dll
0x00007ff83afa0000 - 0x00007ff83b2f4000 	C:\Windows\System32\combase.dll
0x00007ff839d10000 - 0x00007ff839d3e000 	C:\Windows\SYSTEM32\Wldp.dll
0x00007ff83cb30000 - 0x00007ff83cbfd000 	C:\Windows\System32\OLEAUT32.dll
0x00007ff83ca80000 - 0x00007ff83cb2d000 	C:\Windows\System32\SHCORE.dll
0x00007ff83c740000 - 0x00007ff83c795000 	C:\Windows\System32\shlwapi.dll
0x00007ff83a3c0000 - 0x00007ff83a3e5000 	C:\Windows\SYSTEM32\profapi.dll
0x00007ff820350000 - 0x00007ff820368000 	C:\Program Files\Microsoft\jdk-17.0.8.7-hotspot\bin\zip.dll
0x00007ff822290000 - 0x00007ff8222a9000 	C:\Program Files\Microsoft\jdk-17.0.8.7-hotspot\bin\net.dll
0x00007ff82ad10000 - 0x00007ff82ae1a000 	C:\Windows\SYSTEM32\WINHTTP.dll
0x00007ff839af0000 - 0x00007ff839b5a000 	C:\Windows\system32\mswsock.dll
0x00007ff821f80000 - 0x00007ff821f96000 	C:\Program Files\Microsoft\jdk-17.0.8.7-hotspot\bin\nio.dll
0x00007ff8376e0000 - 0x00007ff8376f0000 	C:\Program Files\Microsoft\jdk-17.0.8.7-hotspot\bin\verify.dll
0x00007ff833280000 - 0x00007ff8332a7000 	C:\Users\dell\.gradle\native\68d5fa5c4cc2d200863cafc0d521ce42e7d3e7ee720ec0a83991735586a16f82\windows-amd64\native-platform.dll
0x00007fffd9340000 - 0x00007fffd9484000 	C:\Users\dell\.gradle\native\e376f236ea51e6404a007f0833ffe2c6e607c4080706a723a18a27aeea778392\windows-amd64\native-platform-file-events.dll
0x00007ff833270000 - 0x00007ff833279000 	C:\Program Files\Microsoft\jdk-17.0.8.7-hotspot\bin\management.dll
0x00007ff82b1e0000 - 0x00007ff82b1eb000 	C:\Program Files\Microsoft\jdk-17.0.8.7-hotspot\bin\management_ext.dll
0x00007ff83c730000 - 0x00007ff83c738000 	C:\Windows\System32\PSAPI.DLL
0x00007ff83a060000 - 0x00007ff83a078000 	C:\Windows\SYSTEM32\CRYPTSP.dll
0x00007ff839440000 - 0x00007ff839474000 	C:\Windows\system32\rsaenh.dll
0x00007ff83a380000 - 0x00007ff83a3ae000 	C:\Windows\SYSTEM32\USERENV.dll
0x00007ff839c80000 - 0x00007ff839c8c000 	C:\Windows\SYSTEM32\CRYPTBASE.dll
0x00007ff839800000 - 0x00007ff83983b000 	C:\Windows\SYSTEM32\IPHLPAPI.DLL
0x00007ff83b450000 - 0x00007ff83b458000 	C:\Windows\System32\NSI.dll
0x00007ff82eb50000 - 0x00007ff82eb67000 	C:\Windows\SYSTEM32\dhcpcsvc6.DLL
0x00007ff830be0000 - 0x00007ff830bfd000 	C:\Windows\SYSTEM32\dhcpcsvc.DLL
0x00007ff839840000 - 0x00007ff83990b000 	C:\Windows\SYSTEM32\DNSAPI.dll
0x00007ff827860000 - 0x00007ff82786e000 	C:\Program Files\Microsoft\jdk-17.0.8.7-hotspot\bin\sunmscapi.dll
0x00007ff83ac30000 - 0x00007ff83ad8d000 	C:\Windows\System32\CRYPT32.dll
0x00007ff839d80000 - 0x00007ff839da8000 	C:\Windows\SYSTEM32\ncrypt.dll
0x00007ff839d40000 - 0x00007ff839d7b000 	C:\Windows\SYSTEM32\NTASN1.dll
0x00007fffb9960000 - 0x00007fffb9967000 	C:\Windows\system32\wshunix.dll
0x00007fffb93c0000 - 0x00007fffb93d7000 	C:\Windows\system32\napinsp.dll
0x00007fffb93e0000 - 0x00007fffb93fb000 	C:\Windows\system32\pnrpnsp.dll
0x00007ff834d70000 - 0x00007ff834d85000 	C:\Windows\system32\wshbth.dll
0x00007ff835940000 - 0x00007ff83595d000 	C:\Windows\system32\NLAapi.dll
0x00007fffb9400000 - 0x00007fffb9412000 	C:\Windows\System32\winrnr.dll
0x0000000075480000 - 0x00000000754a6000 	C:\Program Files\Bonjour\mdnsNSP.dll
0x00007ff823d40000 - 0x00007ff823d4a000 	C:\Windows\System32\rasadhlp.dll
0x00007ff82a650000 - 0x00007ff82a6d0000 	C:\Windows\System32\fwpuclnt.dll

dbghelp: loaded successfully - version: 4.0.5 - missing functions: none
symbol engine: initialized successfully - sym options: 0x614 - pdb path: .;C:\Program Files\Microsoft\jdk-17.0.8.7-hotspot\bin;C:\Windows\SYSTEM32;C:\Windows\WinSxS\amd64_microsoft.windows.common-controls_6595b64144ccf1df_6.0.19041.3636_none_60b6a03d71f818d5;C:\Program Files\Microsoft\jdk-17.0.8.7-hotspot\bin\server;C:\Users\dell\.gradle\native\68d5fa5c4cc2d200863cafc0d521ce42e7d3e7ee720ec0a83991735586a16f82\windows-amd64;C:\Users\dell\.gradle\native\e376f236ea51e6404a007f0833ffe2c6e607c4080706a723a18a27aeea778392\windows-amd64;C:\Program Files\Bonjour

VM Arguments:
jvm_args: -XX:MaxMetaspaceSize=512m --add-opens=java.base/java.util=ALL-UNNAMED --add-opens=java.base/java.lang=ALL-UNNAMED --add-opens=java.base/java.lang.invoke=ALL-UNNAMED --add-opens=java.prefs/java.util.prefs=ALL-UNNAMED --add-opens=java.base/java.nio.charset=ALL-UNNAMED --add-opens=java.base/java.net=ALL-UNNAMED --add-opens=java.base/java.util.concurrent.atomic=ALL-UNNAMED -Xmx2048m -Dfile.encoding=windows-1252 -Duser.country=IN -Duser.language=en -Duser.variant -javaagent:C:\Users\dell\.gradle\wrapper\dists\gradle-8.3-all\6en3ugtfdg5xnpx44z4qbwgas\gradle-8.3\lib\agents\gradle-instrumentation-agent-8.3.jar 
java_command: org.gradle.launcher.daemon.bootstrap.GradleDaemon 8.3
java_class_path (initial): C:\Users\dell\.gradle\wrapper\dists\gradle-8.3-all\6en3ugtfdg5xnpx44z4qbwgas\gradle-8.3\lib\gradle-launcher-8.3.jar
Launcher Type: SUN_STANDARD

[Global flags]
     intx CICompilerCount                          = 3                                         {product} {ergonomic}
   size_t CompressedClassSpaceSize                 = 436207616                                 {product} {ergonomic}
     uint ConcGCThreads                            = 1                                         {product} {ergonomic}
     uint G1ConcRefinementThreads                  = 4                                         {product} {ergonomic}
   size_t G1HeapRegionSize                         = 1048576                                   {product} {ergonomic}
    uintx GCDrainStackTargetSize                   = 64                                        {product} {ergonomic}
   size_t InitialHeapSize                          = 130023424                                 {product} {ergonomic}
   size_t MarkStackSize                            = 4194304                                   {product} {ergonomic}
   size_t MaxHeapSize                              = 2147483648                                {product} {command line}
   size_t MaxMetaspaceSize                         = 536870912                                 {product} {command line}
   size_t MaxNewSize                               = 1287651328                                {product} {ergonomic}
   size_t MinHeapDeltaBytes                        = 1048576                                   {product} {ergonomic}
   size_t MinHeapSize                              = 8388608                                   {product} {ergonomic}
    uintx NonNMethodCodeHeapSize                   = 5832780                                {pd product} {ergonomic}
    uintx NonProfiledCodeHeapSize                  = 122912730                              {pd product} {ergonomic}
    uintx ProfiledCodeHeapSize                     = 122912730                              {pd product} {ergonomic}
    uintx ReservedCodeCacheSize                    = 251658240                              {pd product} {ergonomic}
     bool SegmentedCodeCache                       = true                                      {product} {ergonomic}
   size_t SoftMaxHeapSize                          = 2147483648                             {manageable} {ergonomic}
     bool UseCompressedClassPointers               = true                           {product lp64_product} {ergonomic}
     bool UseCompressedOops                        = true                           {product lp64_product} {ergonomic}
     bool UseG1GC                                  = true                                      {product} {ergonomic}
     bool UseLargePagesIndividualAllocation        = false                                  {pd product} {ergonomic}

Logging:
Log output configuration:
 #0: stdout all=warning uptime,level,tags
 #1: stderr all=off uptime,level,tags

Environment Variables:
JAVA_HOME=C:\Program Files\Microsoft\jdk-17.0.8.7-hotspot\
CLASSPATH=D:\react checking\shopApp\android\\gradle\wrapper\gradle-wrapper.jar
PATH=D:\react checking\shopApp\node_modules\.bin;D:\react checking\shopApp\node_modules\.bin;D:\react checking\node_modules\.bin;D:\node_modules\.bin;C:\Users\dell\AppData\Roaming\npm\node_modules\npm\node_modules\@npmcli\run-script\lib\node-gyp-bin;D:\react checking\shopApp\node_modules\.bin;D:\react checking\shopApp\node_modules\.bin;D:\react checking\node_modules\.bin;D:\node_modules\.bin;C:\Users\dell\AppData\Roaming\npm\node_modules\npm\node_modules\@npmcli\run-script\lib\node-gyp-bin;C:\Program Files\Microsoft\jdk-17.0.8.7-hotspot\bin;C:\Program Files\Common Files\Oracle\Java\javapath;C:\Windows\system32;C:\Windows;C:\Windows\System32\Wbem;C:\Windows\System32\WindowsPowerShell\v1.0\;C:\Windows\System32\OpenSSH\;C:\Program Files\Java\jdk-16.0.2\bin;C:\Program Files\Microsoft SQL Server\Client SDK\ODBC\170\Tools\Binn\;C:\Program Files (x86)\Microsoft SQL Server\150\Tools\Binn\;C:\Program Files\Microsoft SQL Server\150\Tools\Binn\;C:\Program Files\Microsoft SQL Server\150\DTS\Binn\;C:\Program Files\Azure Data Studio\bin;C:\Program Files\MongoDB\Server\6.0\bin;C:\Users\dell\Downloads\mongosh-1.8.1-win32-x64\mongosh-1.8.1\bin;C:\ProgramData\chocolatey\bin;C:\Program Files\Java\jdk-16.0.2;C:\Users\dell\AppData\Local\Android\Sdk;C:\Users\dell\AppData\Local\Android\Sdk\platform-tools;C:\Program Files\nodejs\;C:\Users\dell\AppData\Local\Android\Sdk\platform-tools;C:\Program Files\Git\cmd;C:\Users\dell\AppData\Local\Android\Sdk\tools;C:\Users\dell\AppData\Local\Microsoft\WindowsApps;C:\Users\dell\AppData\Local\Programs\Microsoft VS Code\bin;C:\MinGW\bin;C:\Users\dell\Desktop;C:\Program Files\Azure Data Studio\bin;C:\Program Files\MongoDB\Server\6.0\bin;C:\Users\dell\AppData\Local\JetBrains\Toolbox\scripts;C:\Users\dell\AppData\Roaming\npm
USERNAME=dell
LANG=en_US.UTF-8
OS=Windows_NT
PROCESSOR_IDENTIFIER=Intel64 Family 6 Model 94 Stepping 3, GenuineIntel
TMP=C:\Users\dell\AppData\Local\Temp
TEMP=C:\Users\dell\AppData\Local\Temp



---------------  S Y S T E M  ---------------

OS:
 Windows 10 , 64 bit Build 19041 (10.0.19041.3636)
OS uptime: 13 days 20:12 hours
Hyper-V role detected

CPU: total 4 (initial active 4) (4 cores per cpu, 1 threads per core) family 6 model 94 stepping 3 microcode 0xcc, cx8, cmov, fxsr, mmx, 3dnowpref, sse, sse2, sse3, ssse3, sse4.1, sse4.2, popcnt, lzcnt, tsc, tscinvbit, avx, avx2, aes, erms, clmul, bmi1, bmi2, rtm, adx, fma, vzeroupper, clflush, clflushopt, hv
Processor Information for all 4 processors :
  Max Mhz: 2601, Current Mhz: 2601, Mhz Limit: 2601

Memory: 4k page, system-wide physical 7821M (469M free)
TotalPageFile size 21434M (AvailPageFile size 3864M)
current process WorkingSet (physical memory assigned to process): 555M, peak: 566M
current process commit charge ("private bytes"): 599M, peak: 606M

vm_info: OpenJDK 64-Bit Server VM (17.0.8+7-LTS) for windows-amd64 JRE (17.0.8+7-LTS), built on Jul  7 2023 17:21:55 by "MicrosoftCorporation" with MS VC++ 16.10 / 16.11 (VS2019)

END.
